2024-08-29 16:15:35.278 [restartedMain] INFO  com.application.aop.Application - Starting Application using Java 17.0.11 with PID 18456 (C:\Users\15_web_kgh\git\16_spring_aop\16_spring_aop\bin\main started by 15_web_kgh in C:\Users\15_web_kgh\git\16_spring_aop\16_spring_aop)
2024-08-29 16:15:35.281 [restartedMain] INFO  com.application.aop.Application - No active profile set, falling back to 1 default profile: "default"
2024-08-29 16:15:35.322 [restartedMain] INFO  o.s.b.d.e.DevToolsPropertyDefaultsPostProcessor - Devtools property defaults active! Set 'spring.devtools.add-properties' to 'false' to disable
2024-08-29 16:15:35.323 [restartedMain] INFO  o.s.b.d.e.DevToolsPropertyDefaultsPostProcessor - For additional web related logging consider setting the 'logging.level.web' property to 'DEBUG'
2024-08-29 16:15:36.334 [restartedMain] INFO  o.s.b.w.e.tomcat.TomcatWebServer - Tomcat initialized with port 8080 (http)
2024-08-29 16:15:36.336 [restartedMain] INFO  o.a.c.core.AprLifecycleListener - An older version [1.2.35] of the Apache Tomcat Native library is installed, while Tomcat recommends a minimum version of [2.0.5]
2024-08-29 16:15:36.337 [restartedMain] INFO  o.a.c.core.AprLifecycleListener - Loaded Apache Tomcat Native library [1.2.35] using APR version [1.7.0].
2024-08-29 16:15:36.339 [restartedMain] INFO  o.a.c.core.AprLifecycleListener - OpenSSL successfully initialized [OpenSSL 1.1.1q  5 Jul 2022]
2024-08-29 16:15:36.346 [restartedMain] INFO  o.a.coyote.http11.Http11NioProtocol - Initializing ProtocolHandler ["http-nio-8080"]
2024-08-29 16:15:36.347 [restartedMain] INFO  o.a.catalina.core.StandardService - Starting service [Tomcat]
2024-08-29 16:15:36.347 [restartedMain] INFO  o.a.catalina.core.StandardEngine - Starting Servlet engine: [Apache Tomcat/10.1.26]
2024-08-29 16:15:36.401 [restartedMain] INFO  o.a.c.c.C.[Tomcat].[localhost].[/] - Initializing Spring embedded WebApplicationContext
2024-08-29 16:15:36.401 [restartedMain] INFO  o.s.b.w.s.c.ServletWebServerApplicationContext - Root WebApplicationContext: initialization completed in 1078 ms
2024-08-29 16:15:36.857 [restartedMain] WARN  o.s.b.d.a.OptionalLiveReloadServer - Unable to start LiveReload server
2024-08-29 16:15:36.868 [restartedMain] INFO  o.a.coyote.http11.Http11NioProtocol - Starting ProtocolHandler ["http-nio-8080"]
2024-08-29 16:15:36.883 [restartedMain] INFO  o.s.b.w.e.tomcat.TomcatWebServer - Tomcat started on port 8080 (http) with context path '/'
2024-08-29 16:15:36.890 [restartedMain] INFO  com.application.aop.Application - Started Application in 1.887 seconds (process running for 2.624)
2024-08-29 16:17:24.571 [File Watcher] INFO  o.s.b.d.a.LocalDevToolsAutoConfiguration$RestartingClassPathChangeChangedEventListener - Restarting due to 1 class path change (0 additions, 0 deletions, 1 modification)
2024-08-29 16:17:24.576 [Thread-1] INFO  o.a.coyote.http11.Http11NioProtocol - Stopping ProtocolHandler ["http-nio-8080"]
2024-08-29 16:17:24.817 [restartedMain] INFO  com.application.aop.Application - Starting Application using Java 17.0.11 with PID 18456 (C:\Users\15_web_kgh\git\16_spring_aop\16_spring_aop\bin\main started by 15_web_kgh in C:\Users\15_web_kgh\git\16_spring_aop\16_spring_aop)
2024-08-29 16:17:24.818 [restartedMain] INFO  com.application.aop.Application - No active profile set, falling back to 1 default profile: "default"
2024-08-29 16:17:25.009 [restartedMain] INFO  o.s.b.w.e.tomcat.TomcatWebServer - Tomcat initialized with port 80 (http)
2024-08-29 16:17:25.010 [restartedMain] INFO  o.a.c.core.AprLifecycleListener - An older version [1.2.35] of the Apache Tomcat Native library is installed, while Tomcat recommends a minimum version of [2.0.5]
2024-08-29 16:17:25.010 [restartedMain] INFO  o.a.c.core.AprLifecycleListener - Loaded Apache Tomcat Native library [1.2.35] using APR version [1.7.0].
2024-08-29 16:17:25.010 [restartedMain] INFO  o.a.c.core.AprLifecycleListener - OpenSSL successfully initialized [OpenSSL 1.1.1q  5 Jul 2022]
2024-08-29 16:17:25.010 [restartedMain] INFO  o.a.coyote.http11.Http11NioProtocol - Initializing ProtocolHandler ["http-nio-80"]
2024-08-29 16:17:25.011 [restartedMain] INFO  o.a.catalina.core.StandardService - Starting service [Tomcat]
2024-08-29 16:17:25.011 [restartedMain] INFO  o.a.catalina.core.StandardEngine - Starting Servlet engine: [Apache Tomcat/10.1.26]
2024-08-29 16:17:25.022 [restartedMain] INFO  o.a.c.c.C.[Tomcat].[localhost].[/] - Initializing Spring embedded WebApplicationContext
2024-08-29 16:17:25.023 [restartedMain] INFO  o.s.b.w.s.c.ServletWebServerApplicationContext - Root WebApplicationContext: initialization completed in 204 ms
2024-08-29 16:17:25.241 [restartedMain] WARN  o.s.b.d.a.OptionalLiveReloadServer - Unable to start LiveReload server
2024-08-29 16:17:25.246 [restartedMain] INFO  o.a.coyote.http11.Http11NioProtocol - Starting ProtocolHandler ["http-nio-80"]
2024-08-29 16:17:25.248 [restartedMain] WARN  o.s.b.w.s.c.AnnotationConfigServletWebServerApplicationContext - Exception encountered during context initialization - cancelling refresh attempt: org.springframework.context.ApplicationContextException: Failed to start bean 'webServerStartStop'
2024-08-29 16:17:25.253 [restartedMain] INFO  o.s.b.a.l.ConditionEvaluationReportLogger - 

Error starting ApplicationContext. To display the condition evaluation report re-run your application with 'debug' enabled.
2024-08-29 16:17:25.268 [restartedMain] ERROR o.s.b.d.LoggingFailureAnalysisReporter - 

***************************
APPLICATION FAILED TO START
***************************

Description:

Web server failed to start. Port 80 was already in use.

Action:

Identify and stop the process that's listening on port 80 or configure this application to listen on another port.

2024-08-29 16:17:44.412 [restartedMain] INFO  com.application.aop.Application - Starting Application using Java 17.0.11 with PID 13772 (C:\Users\15_web_kgh\git\16_spring_aop\16_spring_aop\bin\main started by 15_web_kgh in C:\Users\15_web_kgh\git\16_spring_aop\16_spring_aop)
2024-08-29 16:17:44.414 [restartedMain] INFO  com.application.aop.Application - No active profile set, falling back to 1 default profile: "default"
2024-08-29 16:17:44.452 [restartedMain] INFO  o.s.b.d.e.DevToolsPropertyDefaultsPostProcessor - Devtools property defaults active! Set 'spring.devtools.add-properties' to 'false' to disable
2024-08-29 16:17:44.452 [restartedMain] INFO  o.s.b.d.e.DevToolsPropertyDefaultsPostProcessor - For additional web related logging consider setting the 'logging.level.web' property to 'DEBUG'
2024-08-29 16:17:45.214 [restartedMain] INFO  o.s.b.w.e.tomcat.TomcatWebServer - Tomcat initialized with port 80 (http)
2024-08-29 16:17:45.217 [restartedMain] INFO  o.a.c.core.AprLifecycleListener - An older version [1.2.35] of the Apache Tomcat Native library is installed, while Tomcat recommends a minimum version of [2.0.5]
2024-08-29 16:17:45.217 [restartedMain] INFO  o.a.c.core.AprLifecycleListener - Loaded Apache Tomcat Native library [1.2.35] using APR version [1.7.0].
2024-08-29 16:17:45.220 [restartedMain] INFO  o.a.c.core.AprLifecycleListener - OpenSSL successfully initialized [OpenSSL 1.1.1q  5 Jul 2022]
2024-08-29 16:17:45.227 [restartedMain] INFO  o.a.coyote.http11.Http11NioProtocol - Initializing ProtocolHandler ["http-nio-80"]
2024-08-29 16:17:45.229 [restartedMain] INFO  o.a.catalina.core.StandardService - Starting service [Tomcat]
2024-08-29 16:17:45.229 [restartedMain] INFO  o.a.catalina.core.StandardEngine - Starting Servlet engine: [Apache Tomcat/10.1.26]
2024-08-29 16:17:45.267 [restartedMain] INFO  o.a.c.c.C.[Tomcat].[localhost].[/] - Initializing Spring embedded WebApplicationContext
2024-08-29 16:17:45.268 [restartedMain] INFO  o.s.b.w.s.c.ServletWebServerApplicationContext - Root WebApplicationContext: initialization completed in 815 ms
2024-08-29 16:17:45.708 [restartedMain] WARN  o.s.b.d.a.OptionalLiveReloadServer - Unable to start LiveReload server
2024-08-29 16:17:45.718 [restartedMain] INFO  o.a.coyote.http11.Http11NioProtocol - Starting ProtocolHandler ["http-nio-80"]
2024-08-29 16:17:45.722 [restartedMain] WARN  o.s.b.w.s.c.AnnotationConfigServletWebServerApplicationContext - Exception encountered during context initialization - cancelling refresh attempt: org.springframework.context.ApplicationContextException: Failed to start bean 'webServerStartStop'
2024-08-29 16:17:45.734 [restartedMain] INFO  o.s.b.a.l.ConditionEvaluationReportLogger - 

Error starting ApplicationContext. To display the condition evaluation report re-run your application with 'debug' enabled.
2024-08-29 16:17:45.748 [restartedMain] ERROR o.s.b.d.LoggingFailureAnalysisReporter - 

***************************
APPLICATION FAILED TO START
***************************

Description:

Web server failed to start. Port 80 was already in use.

Action:

Identify and stop the process that's listening on port 80 or configure this application to listen on another port.

2024-08-29 16:23:28.606 [restartedMain] INFO  com.application.aop.Application - Starting Application using Java 17.0.11 with PID 16888 (C:\Users\15_web_kgh\git\16_spring_aop\16_spring_aop\bin\main started by 15_web_kgh in C:\Users\15_web_kgh\git\16_spring_aop\16_spring_aop)
2024-08-29 16:23:28.610 [restartedMain] INFO  com.application.aop.Application - No active profile set, falling back to 1 default profile: "default"
2024-08-29 16:23:28.642 [restartedMain] INFO  o.s.b.d.e.DevToolsPropertyDefaultsPostProcessor - Devtools property defaults active! Set 'spring.devtools.add-properties' to 'false' to disable
2024-08-29 16:23:28.642 [restartedMain] INFO  o.s.b.d.e.DevToolsPropertyDefaultsPostProcessor - For additional web related logging consider setting the 'logging.level.web' property to 'DEBUG'
2024-08-29 16:23:29.479 [restartedMain] INFO  o.s.b.w.e.tomcat.TomcatWebServer - Tomcat initialized with port 80 (http)
2024-08-29 16:23:29.481 [restartedMain] INFO  o.a.c.core.AprLifecycleListener - An older version [1.2.35] of the Apache Tomcat Native library is installed, while Tomcat recommends a minimum version of [2.0.5]
2024-08-29 16:23:29.481 [restartedMain] INFO  o.a.c.core.AprLifecycleListener - Loaded Apache Tomcat Native library [1.2.35] using APR version [1.7.0].
2024-08-29 16:23:29.484 [restartedMain] INFO  o.a.c.core.AprLifecycleListener - OpenSSL successfully initialized [OpenSSL 1.1.1q  5 Jul 2022]
2024-08-29 16:23:29.489 [restartedMain] INFO  o.a.coyote.http11.Http11NioProtocol - Initializing ProtocolHandler ["http-nio-80"]
2024-08-29 16:23:29.491 [restartedMain] INFO  o.a.catalina.core.StandardService - Starting service [Tomcat]
2024-08-29 16:23:29.491 [restartedMain] INFO  o.a.catalina.core.StandardEngine - Starting Servlet engine: [Apache Tomcat/10.1.26]
2024-08-29 16:23:29.526 [restartedMain] INFO  o.a.c.c.C.[Tomcat].[localhost].[/] - Initializing Spring embedded WebApplicationContext
2024-08-29 16:23:29.526 [restartedMain] INFO  o.s.b.w.s.c.ServletWebServerApplicationContext - Root WebApplicationContext: initialization completed in 884 ms
2024-08-29 16:23:29.962 [restartedMain] INFO  o.s.b.d.a.OptionalLiveReloadServer - LiveReload server is running on port 35729
2024-08-29 16:23:29.972 [restartedMain] INFO  o.a.coyote.http11.Http11NioProtocol - Starting ProtocolHandler ["http-nio-80"]
2024-08-29 16:23:29.987 [restartedMain] INFO  o.s.b.w.e.tomcat.TomcatWebServer - Tomcat started on port 80 (http) with context path '/'
2024-08-29 16:23:29.994 [restartedMain] INFO  com.application.aop.Application - Started Application in 1.614 seconds (process running for 2.293)
2024-08-29 16:23:36.462 [http-nio-80-exec-1] INFO  o.a.c.c.C.[Tomcat].[localhost].[/] - Initializing Spring DispatcherServlet 'dispatcherServlet'
2024-08-29 16:23:36.462 [http-nio-80-exec-1] INFO  o.s.web.servlet.DispatcherServlet - Initializing Servlet 'dispatcherServlet'
2024-08-29 16:23:36.463 [http-nio-80-exec-1] INFO  o.s.web.servlet.DispatcherServlet - Completed initialization in 1 ms
2024-08-29 16:26:03.913 [File Watcher] INFO  o.s.b.d.a.LocalDevToolsAutoConfiguration$RestartingClassPathChangeChangedEventListener - Restarting due to 1 class path change (1 addition, 0 deletions, 0 modifications)
2024-08-29 16:26:03.916 [Thread-5] INFO  o.a.coyote.http11.Http11NioProtocol - Stopping ProtocolHandler ["http-nio-80"]
2024-08-29 16:26:04.112 [restartedMain] INFO  com.application.aop.Application - Starting Application using Java 17.0.11 with PID 16888 (C:\Users\15_web_kgh\git\16_spring_aop\16_spring_aop\bin\main started by 15_web_kgh in C:\Users\15_web_kgh\git\16_spring_aop\16_spring_aop)
2024-08-29 16:26:04.112 [restartedMain] INFO  com.application.aop.Application - No active profile set, falling back to 1 default profile: "default"
2024-08-29 16:26:04.289 [restartedMain] INFO  o.s.b.w.e.tomcat.TomcatWebServer - Tomcat initialized with port 80 (http)
2024-08-29 16:26:04.290 [restartedMain] INFO  o.a.c.core.AprLifecycleListener - An older version [1.2.35] of the Apache Tomcat Native library is installed, while Tomcat recommends a minimum version of [2.0.5]
2024-08-29 16:26:04.290 [restartedMain] INFO  o.a.c.core.AprLifecycleListener - Loaded Apache Tomcat Native library [1.2.35] using APR version [1.7.0].
2024-08-29 16:26:04.290 [restartedMain] INFO  o.a.c.core.AprLifecycleListener - OpenSSL successfully initialized [OpenSSL 1.1.1q  5 Jul 2022]
2024-08-29 16:26:04.290 [restartedMain] INFO  o.a.coyote.http11.Http11NioProtocol - Initializing ProtocolHandler ["http-nio-80"]
2024-08-29 16:26:04.291 [restartedMain] INFO  o.a.catalina.core.StandardService - Starting service [Tomcat]
2024-08-29 16:26:04.291 [restartedMain] INFO  o.a.catalina.core.StandardEngine - Starting Servlet engine: [Apache Tomcat/10.1.26]
2024-08-29 16:26:04.302 [restartedMain] INFO  o.a.c.c.C.[Tomcat].[localhost].[/] - Initializing Spring embedded WebApplicationContext
2024-08-29 16:26:04.302 [restartedMain] INFO  o.s.b.w.s.c.ServletWebServerApplicationContext - Root WebApplicationContext: initialization completed in 188 ms
2024-08-29 16:26:04.505 [restartedMain] INFO  o.s.b.d.a.OptionalLiveReloadServer - LiveReload server is running on port 35729
2024-08-29 16:26:04.510 [restartedMain] INFO  o.a.coyote.http11.Http11NioProtocol - Starting ProtocolHandler ["http-nio-80"]
2024-08-29 16:26:04.513 [restartedMain] INFO  o.s.b.w.e.tomcat.TomcatWebServer - Tomcat started on port 80 (http) with context path '/'
2024-08-29 16:26:04.516 [restartedMain] INFO  com.application.aop.Application - Started Application in 0.425 seconds (process running for 156.816)
2024-08-29 16:26:04.518 [restartedMain] INFO  o.s.b.d.a.ConditionEvaluationDeltaLoggingListener - Condition evaluation unchanged
2024-08-29 16:29:24.413 [File Watcher] INFO  o.s.b.d.a.LocalDevToolsAutoConfiguration$RestartingClassPathChangeChangedEventListener - Restarting due to 2 class path changes (0 additions, 0 deletions, 2 modifications)
2024-08-29 16:29:24.414 [Thread-7] INFO  o.a.coyote.http11.Http11NioProtocol - Stopping ProtocolHandler ["http-nio-80"]
2024-08-29 16:29:24.597 [restartedMain] INFO  com.application.aop.Application - Starting Application using Java 17.0.11 with PID 16888 (C:\Users\15_web_kgh\git\16_spring_aop\16_spring_aop\bin\main started by 15_web_kgh in C:\Users\15_web_kgh\git\16_spring_aop\16_spring_aop)
2024-08-29 16:29:24.597 [restartedMain] INFO  com.application.aop.Application - No active profile set, falling back to 1 default profile: "default"
2024-08-29 16:29:24.763 [restartedMain] INFO  o.s.b.w.e.tomcat.TomcatWebServer - Tomcat initialized with port 80 (http)
2024-08-29 16:29:24.763 [restartedMain] INFO  o.a.c.core.AprLifecycleListener - An older version [1.2.35] of the Apache Tomcat Native library is installed, while Tomcat recommends a minimum version of [2.0.5]
2024-08-29 16:29:24.763 [restartedMain] INFO  o.a.c.core.AprLifecycleListener - Loaded Apache Tomcat Native library [1.2.35] using APR version [1.7.0].
2024-08-29 16:29:24.763 [restartedMain] INFO  o.a.c.core.AprLifecycleListener - OpenSSL successfully initialized [OpenSSL 1.1.1q  5 Jul 2022]
2024-08-29 16:29:24.763 [restartedMain] INFO  o.a.coyote.http11.Http11NioProtocol - Initializing ProtocolHandler ["http-nio-80"]
2024-08-29 16:29:24.764 [restartedMain] INFO  o.a.catalina.core.StandardService - Starting service [Tomcat]
2024-08-29 16:29:24.764 [restartedMain] INFO  o.a.catalina.core.StandardEngine - Starting Servlet engine: [Apache Tomcat/10.1.26]
2024-08-29 16:29:24.775 [restartedMain] INFO  o.a.c.c.C.[Tomcat].[localhost].[/] - Initializing Spring embedded WebApplicationContext
2024-08-29 16:29:24.775 [restartedMain] INFO  o.s.b.w.s.c.ServletWebServerApplicationContext - Root WebApplicationContext: initialization completed in 177 ms
2024-08-29 16:29:24.977 [restartedMain] INFO  o.s.b.d.a.OptionalLiveReloadServer - LiveReload server is running on port 35729
2024-08-29 16:29:24.982 [restartedMain] INFO  o.a.coyote.http11.Http11NioProtocol - Starting ProtocolHandler ["http-nio-80"]
2024-08-29 16:29:24.985 [restartedMain] INFO  o.s.b.w.e.tomcat.TomcatWebServer - Tomcat started on port 80 (http) with context path '/'
2024-08-29 16:29:24.988 [restartedMain] INFO  com.application.aop.Application - Started Application in 0.411 seconds (process running for 357.287)
2024-08-29 16:29:24.989 [restartedMain] INFO  o.s.b.d.a.ConditionEvaluationDeltaLoggingListener - Condition evaluation unchanged
2024-08-29 16:29:57.095 [File Watcher] INFO  o.s.b.d.a.LocalDevToolsAutoConfiguration$RestartingClassPathChangeChangedEventListener - Restarting due to 1 class path change (0 additions, 0 deletions, 1 modification)
2024-08-29 16:29:57.096 [Thread-11] INFO  o.a.coyote.http11.Http11NioProtocol - Stopping ProtocolHandler ["http-nio-80"]
2024-08-29 16:29:57.272 [restartedMain] INFO  com.application.aop.Application - Starting Application using Java 17.0.11 with PID 16888 (C:\Users\15_web_kgh\git\16_spring_aop\16_spring_aop\bin\main started by 15_web_kgh in C:\Users\15_web_kgh\git\16_spring_aop\16_spring_aop)
2024-08-29 16:29:57.273 [restartedMain] INFO  com.application.aop.Application - No active profile set, falling back to 1 default profile: "default"
2024-08-29 16:29:57.437 [restartedMain] INFO  o.s.b.w.e.tomcat.TomcatWebServer - Tomcat initialized with port 80 (http)
2024-08-29 16:29:57.437 [restartedMain] INFO  o.a.c.core.AprLifecycleListener - An older version [1.2.35] of the Apache Tomcat Native library is installed, while Tomcat recommends a minimum version of [2.0.5]
2024-08-29 16:29:57.437 [restartedMain] INFO  o.a.c.core.AprLifecycleListener - Loaded Apache Tomcat Native library [1.2.35] using APR version [1.7.0].
2024-08-29 16:29:57.437 [restartedMain] INFO  o.a.c.core.AprLifecycleListener - OpenSSL successfully initialized [OpenSSL 1.1.1q  5 Jul 2022]
2024-08-29 16:29:57.438 [restartedMain] INFO  o.a.coyote.http11.Http11NioProtocol - Initializing ProtocolHandler ["http-nio-80"]
2024-08-29 16:29:57.438 [restartedMain] INFO  o.a.catalina.core.StandardService - Starting service [Tomcat]
2024-08-29 16:29:57.438 [restartedMain] INFO  o.a.catalina.core.StandardEngine - Starting Servlet engine: [Apache Tomcat/10.1.26]
2024-08-29 16:29:57.447 [restartedMain] INFO  o.a.c.c.C.[Tomcat].[localhost].[/] - Initializing Spring embedded WebApplicationContext
2024-08-29 16:29:57.448 [restartedMain] INFO  o.s.b.w.s.c.ServletWebServerApplicationContext - Root WebApplicationContext: initialization completed in 174 ms
2024-08-29 16:29:57.685 [restartedMain] INFO  o.s.b.d.a.OptionalLiveReloadServer - LiveReload server is running on port 35729
2024-08-29 16:29:57.693 [restartedMain] INFO  o.a.coyote.http11.Http11NioProtocol - Starting ProtocolHandler ["http-nio-80"]
2024-08-29 16:29:57.696 [restartedMain] INFO  o.s.b.w.e.tomcat.TomcatWebServer - Tomcat started on port 80 (http) with context path '/'
2024-08-29 16:29:57.700 [restartedMain] INFO  com.application.aop.Application - Started Application in 0.447 seconds (process running for 389.999)
2024-08-29 16:29:57.701 [restartedMain] INFO  o.s.b.d.a.ConditionEvaluationDeltaLoggingListener - Condition evaluation unchanged
2024-08-29 16:33:52.122 [File Watcher] INFO  o.s.b.d.a.LocalDevToolsAutoConfiguration$RestartingClassPathChangeChangedEventListener - Restarting due to 1 class path change (0 additions, 0 deletions, 1 modification)
2024-08-29 16:33:52.124 [Thread-15] INFO  o.a.coyote.http11.Http11NioProtocol - Stopping ProtocolHandler ["http-nio-80"]
2024-08-29 16:33:52.300 [restartedMain] INFO  com.application.aop.Application - Starting Application using Java 17.0.11 with PID 16888 (C:\Users\15_web_kgh\git\16_spring_aop\16_spring_aop\bin\main started by 15_web_kgh in C:\Users\15_web_kgh\git\16_spring_aop\16_spring_aop)
2024-08-29 16:33:52.300 [restartedMain] INFO  com.application.aop.Application - No active profile set, falling back to 1 default profile: "default"
2024-08-29 16:33:52.457 [restartedMain] INFO  o.s.b.w.e.tomcat.TomcatWebServer - Tomcat initialized with port 80 (http)
2024-08-29 16:33:52.458 [restartedMain] INFO  o.a.c.core.AprLifecycleListener - An older version [1.2.35] of the Apache Tomcat Native library is installed, while Tomcat recommends a minimum version of [2.0.5]
2024-08-29 16:33:52.458 [restartedMain] INFO  o.a.c.core.AprLifecycleListener - Loaded Apache Tomcat Native library [1.2.35] using APR version [1.7.0].
2024-08-29 16:33:52.458 [restartedMain] INFO  o.a.c.core.AprLifecycleListener - OpenSSL successfully initialized [OpenSSL 1.1.1q  5 Jul 2022]
2024-08-29 16:33:52.458 [restartedMain] INFO  o.a.coyote.http11.Http11NioProtocol - Initializing ProtocolHandler ["http-nio-80"]
2024-08-29 16:33:52.458 [restartedMain] INFO  o.a.catalina.core.StandardService - Starting service [Tomcat]
2024-08-29 16:33:52.458 [restartedMain] INFO  o.a.catalina.core.StandardEngine - Starting Servlet engine: [Apache Tomcat/10.1.26]
2024-08-29 16:33:52.468 [restartedMain] INFO  o.a.c.c.C.[Tomcat].[localhost].[/] - Initializing Spring embedded WebApplicationContext
2024-08-29 16:33:52.469 [restartedMain] INFO  o.s.b.w.s.c.ServletWebServerApplicationContext - Root WebApplicationContext: initialization completed in 167 ms
2024-08-29 16:33:52.656 [restartedMain] INFO  o.s.b.d.a.OptionalLiveReloadServer - LiveReload server is running on port 35729
2024-08-29 16:33:52.660 [restartedMain] INFO  o.a.coyote.http11.Http11NioProtocol - Starting ProtocolHandler ["http-nio-80"]
2024-08-29 16:33:52.664 [restartedMain] INFO  o.s.b.w.e.tomcat.TomcatWebServer - Tomcat started on port 80 (http) with context path '/'
2024-08-29 16:33:52.667 [restartedMain] INFO  com.application.aop.Application - Started Application in 0.384 seconds (process running for 624.966)
2024-08-29 16:33:52.668 [restartedMain] INFO  o.s.b.d.a.ConditionEvaluationDeltaLoggingListener - Condition evaluation unchanged
2024-08-29 16:34:41.793 [http-nio-80-exec-1] INFO  o.a.c.c.C.[Tomcat].[localhost].[/] - Initializing Spring DispatcherServlet 'dispatcherServlet'
2024-08-29 16:34:41.793 [http-nio-80-exec-1] INFO  o.s.web.servlet.DispatcherServlet - Initializing Servlet 'dispatcherServlet'
2024-08-29 16:34:41.794 [http-nio-80-exec-1] INFO  o.s.web.servlet.DispatcherServlet - Completed initialization in 1 ms
2024-08-29 16:36:00.887 [File Watcher] INFO  o.s.b.d.a.LocalDevToolsAutoConfiguration$RestartingClassPathChangeChangedEventListener - Restarting due to 1 class path change (0 additions, 0 deletions, 1 modification)
2024-08-29 16:36:00.889 [Thread-19] INFO  o.a.coyote.http11.Http11NioProtocol - Stopping ProtocolHandler ["http-nio-80"]
2024-08-29 16:36:01.067 [restartedMain] INFO  com.application.aop.Application - Starting Application using Java 17.0.11 with PID 16888 (C:\Users\15_web_kgh\git\16_spring_aop\16_spring_aop\bin\main started by 15_web_kgh in C:\Users\15_web_kgh\git\16_spring_aop\16_spring_aop)
2024-08-29 16:36:01.067 [restartedMain] INFO  com.application.aop.Application - No active profile set, falling back to 1 default profile: "default"
2024-08-29 16:36:01.223 [restartedMain] INFO  o.s.b.w.e.tomcat.TomcatWebServer - Tomcat initialized with port 80 (http)
2024-08-29 16:36:01.223 [restartedMain] INFO  o.a.c.core.AprLifecycleListener - An older version [1.2.35] of the Apache Tomcat Native library is installed, while Tomcat recommends a minimum version of [2.0.5]
2024-08-29 16:36:01.223 [restartedMain] INFO  o.a.c.core.AprLifecycleListener - Loaded Apache Tomcat Native library [1.2.35] using APR version [1.7.0].
2024-08-29 16:36:01.223 [restartedMain] INFO  o.a.c.core.AprLifecycleListener - OpenSSL successfully initialized [OpenSSL 1.1.1q  5 Jul 2022]
2024-08-29 16:36:01.223 [restartedMain] INFO  o.a.coyote.http11.Http11NioProtocol - Initializing ProtocolHandler ["http-nio-80"]
2024-08-29 16:36:01.224 [restartedMain] INFO  o.a.catalina.core.StandardService - Starting service [Tomcat]
2024-08-29 16:36:01.224 [restartedMain] INFO  o.a.catalina.core.StandardEngine - Starting Servlet engine: [Apache Tomcat/10.1.26]
2024-08-29 16:36:01.235 [restartedMain] INFO  o.a.c.c.C.[Tomcat].[localhost].[/] - Initializing Spring embedded WebApplicationContext
2024-08-29 16:36:01.235 [restartedMain] INFO  o.s.b.w.s.c.ServletWebServerApplicationContext - Root WebApplicationContext: initialization completed in 166 ms
2024-08-29 16:36:01.434 [restartedMain] INFO  o.s.b.d.a.OptionalLiveReloadServer - LiveReload server is running on port 35729
2024-08-29 16:36:01.439 [restartedMain] INFO  o.a.coyote.http11.Http11NioProtocol - Starting ProtocolHandler ["http-nio-80"]
2024-08-29 16:36:01.442 [restartedMain] INFO  o.s.b.w.e.tomcat.TomcatWebServer - Tomcat started on port 80 (http) with context path '/'
2024-08-29 16:36:01.445 [restartedMain] INFO  com.application.aop.Application - Started Application in 0.395 seconds (process running for 753.744)
2024-08-29 16:36:01.445 [restartedMain] INFO  o.s.b.d.a.ConditionEvaluationDeltaLoggingListener - Condition evaluation unchanged
2024-08-29 16:36:01.513 [http-nio-80-exec-2] INFO  o.a.c.c.C.[Tomcat].[localhost].[/] - Initializing Spring DispatcherServlet 'dispatcherServlet'
2024-08-29 16:36:01.513 [http-nio-80-exec-2] INFO  o.s.web.servlet.DispatcherServlet - Initializing Servlet 'dispatcherServlet'
2024-08-29 16:36:01.514 [http-nio-80-exec-2] INFO  o.s.web.servlet.DispatcherServlet - Completed initialization in 1 ms
2024-08-29 16:37:03.247 [File Watcher] INFO  o.s.b.d.a.LocalDevToolsAutoConfiguration$RestartingClassPathChangeChangedEventListener - Restarting due to 1 class path change (0 additions, 0 deletions, 1 modification)
2024-08-29 16:37:03.249 [Thread-23] INFO  o.a.coyote.http11.Http11NioProtocol - Stopping ProtocolHandler ["http-nio-80"]
2024-08-29 16:37:03.428 [restartedMain] INFO  com.application.aop.Application - Starting Application using Java 17.0.11 with PID 16888 (C:\Users\15_web_kgh\git\16_spring_aop\16_spring_aop\bin\main started by 15_web_kgh in C:\Users\15_web_kgh\git\16_spring_aop\16_spring_aop)
2024-08-29 16:37:03.428 [restartedMain] INFO  com.application.aop.Application - No active profile set, falling back to 1 default profile: "default"
2024-08-29 16:37:03.596 [restartedMain] INFO  o.s.b.w.e.tomcat.TomcatWebServer - Tomcat initialized with port 80 (http)
2024-08-29 16:37:03.596 [restartedMain] INFO  o.a.c.core.AprLifecycleListener - An older version [1.2.35] of the Apache Tomcat Native library is installed, while Tomcat recommends a minimum version of [2.0.5]
2024-08-29 16:37:03.597 [restartedMain] INFO  o.a.c.core.AprLifecycleListener - Loaded Apache Tomcat Native library [1.2.35] using APR version [1.7.0].
2024-08-29 16:37:03.597 [restartedMain] INFO  o.a.c.core.AprLifecycleListener - OpenSSL successfully initialized [OpenSSL 1.1.1q  5 Jul 2022]
2024-08-29 16:37:03.597 [restartedMain] INFO  o.a.coyote.http11.Http11NioProtocol - Initializing ProtocolHandler ["http-nio-80"]
2024-08-29 16:37:03.597 [restartedMain] INFO  o.a.catalina.core.StandardService - Starting service [Tomcat]
2024-08-29 16:37:03.597 [restartedMain] INFO  o.a.catalina.core.StandardEngine - Starting Servlet engine: [Apache Tomcat/10.1.26]
2024-08-29 16:37:03.608 [restartedMain] INFO  o.a.c.c.C.[Tomcat].[localhost].[/] - Initializing Spring embedded WebApplicationContext
2024-08-29 16:37:03.608 [restartedMain] INFO  o.s.b.w.s.c.ServletWebServerApplicationContext - Root WebApplicationContext: initialization completed in 179 ms
2024-08-29 16:37:03.795 [restartedMain] INFO  o.s.b.d.a.OptionalLiveReloadServer - LiveReload server is running on port 35729
2024-08-29 16:37:03.800 [restartedMain] INFO  o.a.coyote.http11.Http11NioProtocol - Starting ProtocolHandler ["http-nio-80"]
2024-08-29 16:37:03.802 [restartedMain] INFO  o.s.b.w.e.tomcat.TomcatWebServer - Tomcat started on port 80 (http) with context path '/'
2024-08-29 16:37:03.805 [restartedMain] INFO  com.application.aop.Application - Started Application in 0.397 seconds (process running for 816.105)
2024-08-29 16:37:03.806 [restartedMain] INFO  o.s.b.d.a.ConditionEvaluationDeltaLoggingListener - Condition evaluation unchanged
2024-08-29 16:37:07.643 [http-nio-80-exec-1] INFO  o.a.c.c.C.[Tomcat].[localhost].[/] - Initializing Spring DispatcherServlet 'dispatcherServlet'
2024-08-29 16:37:07.643 [http-nio-80-exec-1] INFO  o.s.web.servlet.DispatcherServlet - Initializing Servlet 'dispatcherServlet'
2024-08-29 16:37:07.645 [http-nio-80-exec-1] INFO  o.s.web.servlet.DispatcherServlet - Completed initialization in 1 ms
2024-08-29 16:38:30.042 [File Watcher] INFO  o.s.b.d.a.LocalDevToolsAutoConfiguration$RestartingClassPathChangeChangedEventListener - Restarting due to 1 class path change (0 additions, 0 deletions, 1 modification)
2024-08-29 16:38:30.044 [Thread-27] INFO  o.a.coyote.http11.Http11NioProtocol - Stopping ProtocolHandler ["http-nio-80"]
2024-08-29 16:38:30.230 [restartedMain] INFO  com.application.aop.Application - Starting Application using Java 17.0.11 with PID 16888 (C:\Users\15_web_kgh\git\16_spring_aop\16_spring_aop\bin\main started by 15_web_kgh in C:\Users\15_web_kgh\git\16_spring_aop\16_spring_aop)
2024-08-29 16:38:30.230 [restartedMain] INFO  com.application.aop.Application - No active profile set, falling back to 1 default profile: "default"
2024-08-29 16:38:30.395 [restartedMain] INFO  o.s.b.w.e.tomcat.TomcatWebServer - Tomcat initialized with port 80 (http)
2024-08-29 16:38:30.395 [restartedMain] INFO  o.a.c.core.AprLifecycleListener - An older version [1.2.35] of the Apache Tomcat Native library is installed, while Tomcat recommends a minimum version of [2.0.5]
2024-08-29 16:38:30.396 [restartedMain] INFO  o.a.c.core.AprLifecycleListener - Loaded Apache Tomcat Native library [1.2.35] using APR version [1.7.0].
2024-08-29 16:38:30.396 [restartedMain] INFO  o.a.c.core.AprLifecycleListener - OpenSSL successfully initialized [OpenSSL 1.1.1q  5 Jul 2022]
2024-08-29 16:38:30.396 [restartedMain] INFO  o.a.coyote.http11.Http11NioProtocol - Initializing ProtocolHandler ["http-nio-80"]
2024-08-29 16:38:30.396 [restartedMain] INFO  o.a.catalina.core.StandardService - Starting service [Tomcat]
2024-08-29 16:38:30.396 [restartedMain] INFO  o.a.catalina.core.StandardEngine - Starting Servlet engine: [Apache Tomcat/10.1.26]
2024-08-29 16:38:30.407 [restartedMain] INFO  o.a.c.c.C.[Tomcat].[localhost].[/] - Initializing Spring embedded WebApplicationContext
2024-08-29 16:38:30.407 [restartedMain] INFO  o.s.b.w.s.c.ServletWebServerApplicationContext - Root WebApplicationContext: initialization completed in 175 ms
2024-08-29 16:38:30.594 [restartedMain] INFO  o.s.b.d.a.OptionalLiveReloadServer - LiveReload server is running on port 35729
2024-08-29 16:38:30.598 [restartedMain] INFO  o.a.coyote.http11.Http11NioProtocol - Starting ProtocolHandler ["http-nio-80"]
2024-08-29 16:38:30.602 [restartedMain] INFO  o.s.b.w.e.tomcat.TomcatWebServer - Tomcat started on port 80 (http) with context path '/'
2024-08-29 16:38:30.605 [restartedMain] INFO  com.application.aop.Application - Started Application in 0.394 seconds (process running for 902.905)
2024-08-29 16:38:30.606 [restartedMain] INFO  o.s.b.d.a.ConditionEvaluationDeltaLoggingListener - Condition evaluation unchanged
2024-08-29 16:38:40.090 [http-nio-80-exec-1] INFO  o.a.c.c.C.[Tomcat].[localhost].[/] - Initializing Spring DispatcherServlet 'dispatcherServlet'
2024-08-29 16:38:40.090 [http-nio-80-exec-1] INFO  o.s.web.servlet.DispatcherServlet - Initializing Servlet 'dispatcherServlet'
2024-08-29 16:38:40.091 [http-nio-80-exec-1] INFO  o.s.web.servlet.DispatcherServlet - Completed initialization in 1 ms
2024-08-29 16:45:59.466 [File Watcher] INFO  o.s.b.d.a.LocalDevToolsAutoConfiguration$RestartingClassPathChangeChangedEventListener - Restarting due to 1 class path change (0 additions, 0 deletions, 1 modification)
2024-08-29 16:45:59.468 [Thread-31] INFO  o.a.coyote.http11.Http11NioProtocol - Stopping ProtocolHandler ["http-nio-80"]
2024-08-29 16:45:59.645 [restartedMain] INFO  com.application.aop.Application - Starting Application using Java 17.0.11 with PID 16888 (C:\Users\15_web_kgh\git\16_spring_aop\16_spring_aop\bin\main started by 15_web_kgh in C:\Users\15_web_kgh\git\16_spring_aop\16_spring_aop)
2024-08-29 16:45:59.645 [restartedMain] INFO  com.application.aop.Application - No active profile set, falling back to 1 default profile: "default"
2024-08-29 16:45:59.798 [restartedMain] INFO  o.s.b.w.e.tomcat.TomcatWebServer - Tomcat initialized with port 80 (http)
2024-08-29 16:45:59.798 [restartedMain] INFO  o.a.c.core.AprLifecycleListener - An older version [1.2.35] of the Apache Tomcat Native library is installed, while Tomcat recommends a minimum version of [2.0.5]
2024-08-29 16:45:59.798 [restartedMain] INFO  o.a.c.core.AprLifecycleListener - Loaded Apache Tomcat Native library [1.2.35] using APR version [1.7.0].
2024-08-29 16:45:59.798 [restartedMain] INFO  o.a.c.core.AprLifecycleListener - OpenSSL successfully initialized [OpenSSL 1.1.1q  5 Jul 2022]
2024-08-29 16:45:59.798 [restartedMain] INFO  o.a.coyote.http11.Http11NioProtocol - Initializing ProtocolHandler ["http-nio-80"]
2024-08-29 16:45:59.799 [restartedMain] INFO  o.a.catalina.core.StandardService - Starting service [Tomcat]
2024-08-29 16:45:59.799 [restartedMain] INFO  o.a.catalina.core.StandardEngine - Starting Servlet engine: [Apache Tomcat/10.1.26]
2024-08-29 16:45:59.808 [restartedMain] INFO  o.a.c.c.C.[Tomcat].[localhost].[/] - Initializing Spring embedded WebApplicationContext
2024-08-29 16:45:59.808 [restartedMain] INFO  o.s.b.w.s.c.ServletWebServerApplicationContext - Root WebApplicationContext: initialization completed in 161 ms
2024-08-29 16:45:59.992 [restartedMain] INFO  o.s.b.d.a.OptionalLiveReloadServer - LiveReload server is running on port 35729
2024-08-29 16:45:59.997 [restartedMain] INFO  o.a.coyote.http11.Http11NioProtocol - Starting ProtocolHandler ["http-nio-80"]
2024-08-29 16:45:59.999 [restartedMain] INFO  o.s.b.w.e.tomcat.TomcatWebServer - Tomcat started on port 80 (http) with context path '/'
2024-08-29 16:46:00.003 [restartedMain] INFO  com.application.aop.Application - Started Application in 0.375 seconds (process running for 1352.302)
2024-08-29 16:46:00.004 [restartedMain] INFO  o.s.b.d.a.ConditionEvaluationDeltaLoggingListener - Condition evaluation unchanged
2024-08-29 16:47:59.856 [http-nio-80-exec-1] INFO  o.a.c.c.C.[Tomcat].[localhost].[/] - Initializing Spring DispatcherServlet 'dispatcherServlet'
2024-08-29 16:47:59.856 [http-nio-80-exec-1] INFO  o.s.web.servlet.DispatcherServlet - Initializing Servlet 'dispatcherServlet'
2024-08-29 16:47:59.856 [http-nio-80-exec-1] INFO  o.s.web.servlet.DispatcherServlet - Completed initialization in 0 ms
2024-08-29 17:02:46.395 [File Watcher] INFO  o.s.b.d.a.LocalDevToolsAutoConfiguration$RestartingClassPathChangeChangedEventListener - Restarting due to 1 class path change (0 additions, 0 deletions, 1 modification)
2024-08-29 17:02:46.397 [Thread-35] INFO  o.a.coyote.http11.Http11NioProtocol - Stopping ProtocolHandler ["http-nio-80"]
2024-08-29 17:02:46.590 [restartedMain] INFO  com.application.aop.Application - Starting Application using Java 17.0.11 with PID 16888 (C:\Users\15_web_kgh\git\16_spring_aop\16_spring_aop\bin\main started by 15_web_kgh in C:\Users\15_web_kgh\git\16_spring_aop\16_spring_aop)
2024-08-29 17:02:46.590 [restartedMain] INFO  com.application.aop.Application - No active profile set, falling back to 1 default profile: "default"
2024-08-29 17:02:46.776 [restartedMain] INFO  o.s.b.w.e.tomcat.TomcatWebServer - Tomcat initialized with port 80 (http)
2024-08-29 17:02:46.776 [restartedMain] INFO  o.a.c.core.AprLifecycleListener - An older version [1.2.35] of the Apache Tomcat Native library is installed, while Tomcat recommends a minimum version of [2.0.5]
2024-08-29 17:02:46.776 [restartedMain] INFO  o.a.c.core.AprLifecycleListener - Loaded Apache Tomcat Native library [1.2.35] using APR version [1.7.0].
2024-08-29 17:02:46.776 [restartedMain] INFO  o.a.c.core.AprLifecycleListener - OpenSSL successfully initialized [OpenSSL 1.1.1q  5 Jul 2022]
2024-08-29 17:02:46.777 [restartedMain] INFO  o.a.coyote.http11.Http11NioProtocol - Initializing ProtocolHandler ["http-nio-80"]
2024-08-29 17:02:46.777 [restartedMain] INFO  o.a.catalina.core.StandardService - Starting service [Tomcat]
2024-08-29 17:02:46.777 [restartedMain] INFO  o.a.catalina.core.StandardEngine - Starting Servlet engine: [Apache Tomcat/10.1.26]
2024-08-29 17:02:46.786 [restartedMain] INFO  o.a.c.c.C.[Tomcat].[localhost].[/] - Initializing Spring embedded WebApplicationContext
2024-08-29 17:02:46.786 [restartedMain] INFO  o.s.b.w.s.c.ServletWebServerApplicationContext - Root WebApplicationContext: initialization completed in 194 ms
2024-08-29 17:02:47.000 [restartedMain] INFO  o.s.b.d.a.OptionalLiveReloadServer - LiveReload server is running on port 35729
2024-08-29 17:02:47.009 [restartedMain] INFO  o.a.coyote.http11.Http11NioProtocol - Starting ProtocolHandler ["http-nio-80"]
2024-08-29 17:02:47.011 [restartedMain] INFO  o.s.b.w.e.tomcat.TomcatWebServer - Tomcat started on port 80 (http) with context path '/'
2024-08-29 17:02:47.014 [restartedMain] INFO  com.application.aop.Application - Started Application in 0.445 seconds (process running for 2359.314)
2024-08-29 17:02:47.015 [restartedMain] INFO  o.s.b.d.a.ConditionEvaluationDeltaLoggingListener - Condition evaluation unchanged
2024-08-29 17:02:55.598 [File Watcher] INFO  o.s.b.d.a.LocalDevToolsAutoConfiguration$RestartingClassPathChangeChangedEventListener - Restarting due to 1 class path change (0 additions, 0 deletions, 1 modification)
2024-08-29 17:02:55.600 [Thread-39] INFO  o.a.coyote.http11.Http11NioProtocol - Stopping ProtocolHandler ["http-nio-80"]
2024-08-29 17:02:55.795 [restartedMain] INFO  com.application.aop.Application - Starting Application using Java 17.0.11 with PID 16888 (C:\Users\15_web_kgh\git\16_spring_aop\16_spring_aop\bin\main started by 15_web_kgh in C:\Users\15_web_kgh\git\16_spring_aop\16_spring_aop)
2024-08-29 17:02:55.795 [restartedMain] INFO  com.application.aop.Application - No active profile set, falling back to 1 default profile: "default"
2024-08-29 17:02:55.970 [restartedMain] INFO  o.s.b.w.e.tomcat.TomcatWebServer - Tomcat initialized with port 80 (http)
2024-08-29 17:02:55.970 [restartedMain] INFO  o.a.c.core.AprLifecycleListener - An older version [1.2.35] of the Apache Tomcat Native library is installed, while Tomcat recommends a minimum version of [2.0.5]
2024-08-29 17:02:55.971 [restartedMain] INFO  o.a.c.core.AprLifecycleListener - Loaded Apache Tomcat Native library [1.2.35] using APR version [1.7.0].
2024-08-29 17:02:55.971 [restartedMain] INFO  o.a.c.core.AprLifecycleListener - OpenSSL successfully initialized [OpenSSL 1.1.1q  5 Jul 2022]
2024-08-29 17:02:55.972 [restartedMain] INFO  o.a.coyote.http11.Http11NioProtocol - Initializing ProtocolHandler ["http-nio-80"]
2024-08-29 17:02:55.972 [restartedMain] INFO  o.a.catalina.core.StandardService - Starting service [Tomcat]
2024-08-29 17:02:55.972 [restartedMain] INFO  o.a.catalina.core.StandardEngine - Starting Servlet engine: [Apache Tomcat/10.1.26]
2024-08-29 17:02:55.981 [restartedMain] INFO  o.a.c.c.C.[Tomcat].[localhost].[/] - Initializing Spring embedded WebApplicationContext
2024-08-29 17:02:55.982 [restartedMain] INFO  o.s.b.w.s.c.ServletWebServerApplicationContext - Root WebApplicationContext: initialization completed in 186 ms
2024-08-29 17:02:56.175 [restartedMain] INFO  o.s.b.d.a.OptionalLiveReloadServer - LiveReload server is running on port 35729
2024-08-29 17:02:56.179 [restartedMain] INFO  o.a.coyote.http11.Http11NioProtocol - Starting ProtocolHandler ["http-nio-80"]
2024-08-29 17:02:56.182 [restartedMain] INFO  o.s.b.w.e.tomcat.TomcatWebServer - Tomcat started on port 80 (http) with context path '/'
2024-08-29 17:02:56.185 [restartedMain] INFO  com.application.aop.Application - Started Application in 0.408 seconds (process running for 2368.484)
2024-08-29 17:02:56.186 [restartedMain] INFO  o.s.b.d.a.ConditionEvaluationDeltaLoggingListener - Condition evaluation unchanged
2024-08-29 17:05:17.970 [File Watcher] INFO  o.s.b.d.a.LocalDevToolsAutoConfiguration$RestartingClassPathChangeChangedEventListener - Restarting due to 1 class path change (1 addition, 0 deletions, 0 modifications)
2024-08-29 17:05:17.972 [Thread-43] INFO  o.a.coyote.http11.Http11NioProtocol - Stopping ProtocolHandler ["http-nio-80"]
2024-08-29 17:05:18.157 [restartedMain] INFO  com.application.aop.Application - Starting Application using Java 17.0.11 with PID 16888 (C:\Users\15_web_kgh\git\16_spring_aop\16_spring_aop\bin\main started by 15_web_kgh in C:\Users\15_web_kgh\git\16_spring_aop\16_spring_aop)
2024-08-29 17:05:18.157 [restartedMain] INFO  com.application.aop.Application - No active profile set, falling back to 1 default profile: "default"
2024-08-29 17:05:18.312 [restartedMain] INFO  o.s.b.w.e.tomcat.TomcatWebServer - Tomcat initialized with port 80 (http)
2024-08-29 17:05:18.312 [restartedMain] INFO  o.a.c.core.AprLifecycleListener - An older version [1.2.35] of the Apache Tomcat Native library is installed, while Tomcat recommends a minimum version of [2.0.5]
2024-08-29 17:05:18.312 [restartedMain] INFO  o.a.c.core.AprLifecycleListener - Loaded Apache Tomcat Native library [1.2.35] using APR version [1.7.0].
2024-08-29 17:05:18.312 [restartedMain] INFO  o.a.c.core.AprLifecycleListener - OpenSSL successfully initialized [OpenSSL 1.1.1q  5 Jul 2022]
2024-08-29 17:05:18.312 [restartedMain] INFO  o.a.coyote.http11.Http11NioProtocol - Initializing ProtocolHandler ["http-nio-80"]
2024-08-29 17:05:18.313 [restartedMain] INFO  o.a.catalina.core.StandardService - Starting service [Tomcat]
2024-08-29 17:05:18.313 [restartedMain] INFO  o.a.catalina.core.StandardEngine - Starting Servlet engine: [Apache Tomcat/10.1.26]
2024-08-29 17:05:18.322 [restartedMain] INFO  o.a.c.c.C.[Tomcat].[localhost].[/] - Initializing Spring embedded WebApplicationContext
2024-08-29 17:05:18.322 [restartedMain] INFO  o.s.b.w.s.c.ServletWebServerApplicationContext - Root WebApplicationContext: initialization completed in 164 ms
2024-08-29 17:05:18.517 [restartedMain] INFO  o.s.b.d.a.OptionalLiveReloadServer - LiveReload server is running on port 35729
2024-08-29 17:05:18.522 [restartedMain] INFO  o.a.coyote.http11.Http11NioProtocol - Starting ProtocolHandler ["http-nio-80"]
2024-08-29 17:05:18.525 [restartedMain] INFO  o.s.b.w.e.tomcat.TomcatWebServer - Tomcat started on port 80 (http) with context path '/'
2024-08-29 17:05:18.528 [restartedMain] INFO  com.application.aop.Application - Started Application in 0.389 seconds (process running for 2510.827)
2024-08-29 17:05:18.528 [restartedMain] INFO  o.s.b.d.a.ConditionEvaluationDeltaLoggingListener - Condition evaluation unchanged
2024-08-29 17:06:44.080 [http-nio-80-exec-2] INFO  o.a.c.c.C.[Tomcat].[localhost].[/] - Initializing Spring DispatcherServlet 'dispatcherServlet'
2024-08-29 17:06:44.080 [http-nio-80-exec-2] INFO  o.s.web.servlet.DispatcherServlet - Initializing Servlet 'dispatcherServlet'
2024-08-29 17:06:44.080 [http-nio-80-exec-2] INFO  o.s.web.servlet.DispatcherServlet - Completed initialization in 0 ms
2024-08-29 17:14:31.158 [File Watcher] INFO  o.s.b.d.a.LocalDevToolsAutoConfiguration$RestartingClassPathChangeChangedEventListener - Restarting due to 1 class path change (0 additions, 0 deletions, 1 modification)
2024-08-29 17:14:31.161 [Thread-47] INFO  o.a.coyote.http11.Http11NioProtocol - Stopping ProtocolHandler ["http-nio-80"]
2024-08-29 17:14:31.345 [restartedMain] INFO  com.application.aop.Application - Starting Application using Java 17.0.11 with PID 16888 (C:\Users\15_web_kgh\git\16_spring_aop\16_spring_aop\bin\main started by 15_web_kgh in C:\Users\15_web_kgh\git\16_spring_aop\16_spring_aop)
2024-08-29 17:14:31.346 [restartedMain] INFO  com.application.aop.Application - No active profile set, falling back to 1 default profile: "default"
2024-08-29 17:14:31.510 [restartedMain] INFO  o.s.b.w.e.tomcat.TomcatWebServer - Tomcat initialized with port 80 (http)
2024-08-29 17:14:31.511 [restartedMain] INFO  o.a.c.core.AprLifecycleListener - An older version [1.2.35] of the Apache Tomcat Native library is installed, while Tomcat recommends a minimum version of [2.0.5]
2024-08-29 17:14:31.511 [restartedMain] INFO  o.a.c.core.AprLifecycleListener - Loaded Apache Tomcat Native library [1.2.35] using APR version [1.7.0].
2024-08-29 17:14:31.511 [restartedMain] INFO  o.a.c.core.AprLifecycleListener - OpenSSL successfully initialized [OpenSSL 1.1.1q  5 Jul 2022]
2024-08-29 17:14:31.511 [restartedMain] INFO  o.a.coyote.http11.Http11NioProtocol - Initializing ProtocolHandler ["http-nio-80"]
2024-08-29 17:14:31.511 [restartedMain] INFO  o.a.catalina.core.StandardService - Starting service [Tomcat]
2024-08-29 17:14:31.512 [restartedMain] INFO  o.a.catalina.core.StandardEngine - Starting Servlet engine: [Apache Tomcat/10.1.26]
2024-08-29 17:14:31.521 [restartedMain] INFO  o.a.c.c.C.[Tomcat].[localhost].[/] - Initializing Spring embedded WebApplicationContext
2024-08-29 17:14:31.521 [restartedMain] INFO  o.s.b.w.s.c.ServletWebServerApplicationContext - Root WebApplicationContext: initialization completed in 174 ms
2024-08-29 17:14:31.724 [restartedMain] INFO  o.s.b.d.a.OptionalLiveReloadServer - LiveReload server is running on port 35729
2024-08-29 17:14:31.729 [restartedMain] INFO  o.a.coyote.http11.Http11NioProtocol - Starting ProtocolHandler ["http-nio-80"]
2024-08-29 17:14:31.731 [restartedMain] INFO  o.s.b.w.e.tomcat.TomcatWebServer - Tomcat started on port 80 (http) with context path '/'
2024-08-29 17:14:31.734 [restartedMain] INFO  com.application.aop.Application - Started Application in 0.406 seconds (process running for 3064.033)
2024-08-29 17:14:31.735 [restartedMain] INFO  o.s.b.d.a.ConditionEvaluationDeltaLoggingListener - Condition evaluation unchanged
2024-08-29 17:17:24.950 [File Watcher] INFO  o.s.b.d.a.LocalDevToolsAutoConfiguration$RestartingClassPathChangeChangedEventListener - Restarting due to 1 class path change (1 addition, 0 deletions, 0 modifications)
2024-08-29 17:17:24.953 [Thread-51] INFO  o.a.coyote.http11.Http11NioProtocol - Stopping ProtocolHandler ["http-nio-80"]
2024-08-29 17:17:25.134 [restartedMain] INFO  com.application.aop.Application - Starting Application using Java 17.0.11 with PID 16888 (C:\Users\15_web_kgh\git\16_spring_aop\16_spring_aop\bin\main started by 15_web_kgh in C:\Users\15_web_kgh\git\16_spring_aop\16_spring_aop)
2024-08-29 17:17:25.134 [restartedMain] INFO  com.application.aop.Application - No active profile set, falling back to 1 default profile: "default"
2024-08-29 17:17:25.284 [restartedMain] INFO  o.s.b.w.e.tomcat.TomcatWebServer - Tomcat initialized with port 80 (http)
2024-08-29 17:17:25.284 [restartedMain] INFO  o.a.c.core.AprLifecycleListener - An older version [1.2.35] of the Apache Tomcat Native library is installed, while Tomcat recommends a minimum version of [2.0.5]
2024-08-29 17:17:25.284 [restartedMain] INFO  o.a.c.core.AprLifecycleListener - Loaded Apache Tomcat Native library [1.2.35] using APR version [1.7.0].
2024-08-29 17:17:25.284 [restartedMain] INFO  o.a.c.core.AprLifecycleListener - OpenSSL successfully initialized [OpenSSL 1.1.1q  5 Jul 2022]
2024-08-29 17:17:25.284 [restartedMain] INFO  o.a.coyote.http11.Http11NioProtocol - Initializing ProtocolHandler ["http-nio-80"]
2024-08-29 17:17:25.285 [restartedMain] INFO  o.a.catalina.core.StandardService - Starting service [Tomcat]
2024-08-29 17:17:25.285 [restartedMain] INFO  o.a.catalina.core.StandardEngine - Starting Servlet engine: [Apache Tomcat/10.1.26]
2024-08-29 17:17:25.295 [restartedMain] INFO  o.a.c.c.C.[Tomcat].[localhost].[/] - Initializing Spring embedded WebApplicationContext
2024-08-29 17:17:25.295 [restartedMain] INFO  o.s.b.w.s.c.ServletWebServerApplicationContext - Root WebApplicationContext: initialization completed in 159 ms
2024-08-29 17:17:25.478 [restartedMain] INFO  o.s.b.d.a.OptionalLiveReloadServer - LiveReload server is running on port 35729
2024-08-29 17:17:25.482 [restartedMain] INFO  o.a.coyote.http11.Http11NioProtocol - Starting ProtocolHandler ["http-nio-80"]
2024-08-29 17:17:25.484 [restartedMain] INFO  o.s.b.w.e.tomcat.TomcatWebServer - Tomcat started on port 80 (http) with context path '/'
2024-08-29 17:17:25.487 [restartedMain] INFO  com.application.aop.Application - Started Application in 0.37 seconds (process running for 3237.786)
2024-08-29 17:17:25.488 [restartedMain] INFO  o.s.b.d.a.ConditionEvaluationDeltaLoggingListener - Condition evaluation unchanged
2024-08-29 17:17:43.252 [File Watcher] INFO  o.s.b.d.a.LocalDevToolsAutoConfiguration$RestartingClassPathChangeChangedEventListener - Restarting due to 1 class path change (1 addition, 0 deletions, 0 modifications)
2024-08-29 17:17:43.252 [Thread-55] INFO  o.a.coyote.http11.Http11NioProtocol - Stopping ProtocolHandler ["http-nio-80"]
2024-08-29 17:17:43.432 [restartedMain] INFO  com.application.aop.Application - Starting Application using Java 17.0.11 with PID 16888 (C:\Users\15_web_kgh\git\16_spring_aop\16_spring_aop\bin\main started by 15_web_kgh in C:\Users\15_web_kgh\git\16_spring_aop\16_spring_aop)
2024-08-29 17:17:43.432 [restartedMain] INFO  com.application.aop.Application - No active profile set, falling back to 1 default profile: "default"
2024-08-29 17:17:43.582 [restartedMain] INFO  o.s.b.w.e.tomcat.TomcatWebServer - Tomcat initialized with port 80 (http)
2024-08-29 17:17:43.582 [restartedMain] INFO  o.a.c.core.AprLifecycleListener - An older version [1.2.35] of the Apache Tomcat Native library is installed, while Tomcat recommends a minimum version of [2.0.5]
2024-08-29 17:17:43.582 [restartedMain] INFO  o.a.c.core.AprLifecycleListener - Loaded Apache Tomcat Native library [1.2.35] using APR version [1.7.0].
2024-08-29 17:17:43.582 [restartedMain] INFO  o.a.c.core.AprLifecycleListener - OpenSSL successfully initialized [OpenSSL 1.1.1q  5 Jul 2022]
2024-08-29 17:17:43.583 [restartedMain] INFO  o.a.coyote.http11.Http11NioProtocol - Initializing ProtocolHandler ["http-nio-80"]
2024-08-29 17:17:43.583 [restartedMain] INFO  o.a.catalina.core.StandardService - Starting service [Tomcat]
2024-08-29 17:17:43.583 [restartedMain] INFO  o.a.catalina.core.StandardEngine - Starting Servlet engine: [Apache Tomcat/10.1.26]
2024-08-29 17:17:43.593 [restartedMain] INFO  o.a.c.c.C.[Tomcat].[localhost].[/] - Initializing Spring embedded WebApplicationContext
2024-08-29 17:17:43.593 [restartedMain] INFO  o.s.b.w.s.c.ServletWebServerApplicationContext - Root WebApplicationContext: initialization completed in 159 ms
2024-08-29 17:17:43.785 [restartedMain] INFO  o.s.b.d.a.OptionalLiveReloadServer - LiveReload server is running on port 35729
2024-08-29 17:17:43.790 [restartedMain] INFO  o.a.coyote.http11.Http11NioProtocol - Starting ProtocolHandler ["http-nio-80"]
2024-08-29 17:17:43.792 [restartedMain] INFO  o.s.b.w.e.tomcat.TomcatWebServer - Tomcat started on port 80 (http) with context path '/'
2024-08-29 17:17:43.795 [restartedMain] INFO  com.application.aop.Application - Started Application in 0.379 seconds (process running for 3256.094)
2024-08-29 17:17:43.796 [restartedMain] INFO  o.s.b.d.a.ConditionEvaluationDeltaLoggingListener - Condition evaluation unchanged
2024-08-29 17:18:01.609 [File Watcher] INFO  o.s.b.d.a.LocalDevToolsAutoConfiguration$RestartingClassPathChangeChangedEventListener - Restarting due to 3 class path changes (0 additions, 0 deletions, 3 modifications)
2024-08-29 17:18:01.610 [Thread-59] INFO  o.a.coyote.http11.Http11NioProtocol - Stopping ProtocolHandler ["http-nio-80"]
2024-08-29 17:18:01.785 [restartedMain] INFO  com.application.aop.Application - Starting Application using Java 17.0.11 with PID 16888 (C:\Users\15_web_kgh\git\16_spring_aop\16_spring_aop\bin\main started by 15_web_kgh in C:\Users\15_web_kgh\git\16_spring_aop\16_spring_aop)
2024-08-29 17:18:01.786 [restartedMain] INFO  com.application.aop.Application - No active profile set, falling back to 1 default profile: "default"
2024-08-29 17:18:01.941 [restartedMain] INFO  o.s.b.w.e.tomcat.TomcatWebServer - Tomcat initialized with port 80 (http)
2024-08-29 17:18:01.942 [restartedMain] INFO  o.a.c.core.AprLifecycleListener - An older version [1.2.35] of the Apache Tomcat Native library is installed, while Tomcat recommends a minimum version of [2.0.5]
2024-08-29 17:18:01.942 [restartedMain] INFO  o.a.c.core.AprLifecycleListener - Loaded Apache Tomcat Native library [1.2.35] using APR version [1.7.0].
2024-08-29 17:18:01.942 [restartedMain] INFO  o.a.c.core.AprLifecycleListener - OpenSSL successfully initialized [OpenSSL 1.1.1q  5 Jul 2022]
2024-08-29 17:18:01.942 [restartedMain] INFO  o.a.coyote.http11.Http11NioProtocol - Initializing ProtocolHandler ["http-nio-80"]
2024-08-29 17:18:01.942 [restartedMain] INFO  o.a.catalina.core.StandardService - Starting service [Tomcat]
2024-08-29 17:18:01.942 [restartedMain] INFO  o.a.catalina.core.StandardEngine - Starting Servlet engine: [Apache Tomcat/10.1.26]
2024-08-29 17:18:01.952 [restartedMain] INFO  o.a.c.c.C.[Tomcat].[localhost].[/] - Initializing Spring embedded WebApplicationContext
2024-08-29 17:18:01.952 [restartedMain] INFO  o.s.b.w.s.c.ServletWebServerApplicationContext - Root WebApplicationContext: initialization completed in 164 ms
2024-08-29 17:18:02.138 [restartedMain] INFO  o.s.b.d.a.OptionalLiveReloadServer - LiveReload server is running on port 35729
2024-08-29 17:18:02.142 [restartedMain] INFO  o.a.coyote.http11.Http11NioProtocol - Starting ProtocolHandler ["http-nio-80"]
2024-08-29 17:18:02.148 [restartedMain] INFO  o.s.b.w.e.tomcat.TomcatWebServer - Tomcat started on port 80 (http) with context path '/'
2024-08-29 17:18:02.151 [restartedMain] INFO  com.application.aop.Application - Started Application in 0.382 seconds (process running for 3274.45)
2024-08-29 17:18:02.152 [restartedMain] INFO  o.s.b.d.a.ConditionEvaluationDeltaLoggingListener - Condition evaluation unchanged
2024-08-29 17:19:27.552 [File Watcher] INFO  o.s.b.d.a.LocalDevToolsAutoConfiguration$RestartingClassPathChangeChangedEventListener - Restarting due to 1 class path change (0 additions, 0 deletions, 1 modification)
2024-08-29 17:19:27.555 [Thread-63] INFO  o.a.coyote.http11.Http11NioProtocol - Stopping ProtocolHandler ["http-nio-80"]
2024-08-29 17:19:27.733 [restartedMain] INFO  com.application.aop.Application - Starting Application using Java 17.0.11 with PID 16888 (C:\Users\15_web_kgh\git\16_spring_aop\16_spring_aop\bin\main started by 15_web_kgh in C:\Users\15_web_kgh\git\16_spring_aop\16_spring_aop)
2024-08-29 17:19:27.733 [restartedMain] INFO  com.application.aop.Application - No active profile set, falling back to 1 default profile: "default"
2024-08-29 17:19:27.885 [restartedMain] INFO  o.s.b.w.e.tomcat.TomcatWebServer - Tomcat initialized with port 80 (http)
2024-08-29 17:19:27.886 [restartedMain] INFO  o.a.c.core.AprLifecycleListener - An older version [1.2.35] of the Apache Tomcat Native library is installed, while Tomcat recommends a minimum version of [2.0.5]
2024-08-29 17:19:27.886 [restartedMain] INFO  o.a.c.core.AprLifecycleListener - Loaded Apache Tomcat Native library [1.2.35] using APR version [1.7.0].
2024-08-29 17:19:27.886 [restartedMain] INFO  o.a.c.core.AprLifecycleListener - OpenSSL successfully initialized [OpenSSL 1.1.1q  5 Jul 2022]
2024-08-29 17:19:27.886 [restartedMain] INFO  o.a.coyote.http11.Http11NioProtocol - Initializing ProtocolHandler ["http-nio-80"]
2024-08-29 17:19:27.886 [restartedMain] INFO  o.a.catalina.core.StandardService - Starting service [Tomcat]
2024-08-29 17:19:27.886 [restartedMain] INFO  o.a.catalina.core.StandardEngine - Starting Servlet engine: [Apache Tomcat/10.1.26]
2024-08-29 17:19:27.896 [restartedMain] INFO  o.a.c.c.C.[Tomcat].[localhost].[/] - Initializing Spring embedded WebApplicationContext
2024-08-29 17:19:27.896 [restartedMain] INFO  o.s.b.w.s.c.ServletWebServerApplicationContext - Root WebApplicationContext: initialization completed in 162 ms
2024-08-29 17:19:28.082 [restartedMain] INFO  o.s.b.d.a.OptionalLiveReloadServer - LiveReload server is running on port 35729
2024-08-29 17:19:28.087 [restartedMain] INFO  o.a.coyote.http11.Http11NioProtocol - Starting ProtocolHandler ["http-nio-80"]
2024-08-29 17:19:28.089 [restartedMain] INFO  o.s.b.w.e.tomcat.TomcatWebServer - Tomcat started on port 80 (http) with context path '/'
2024-08-29 17:19:28.092 [restartedMain] INFO  com.application.aop.Application - Started Application in 0.375 seconds (process running for 3360.391)
2024-08-29 17:19:28.093 [restartedMain] INFO  o.s.b.d.a.ConditionEvaluationDeltaLoggingListener - Condition evaluation unchanged
2024-08-29 17:26:06.069 [File Watcher] INFO  o.s.b.d.a.LocalDevToolsAutoConfiguration$RestartingClassPathChangeChangedEventListener - Restarting due to 1 class path change (0 additions, 0 deletions, 1 modification)
2024-08-29 17:26:06.070 [Thread-67] INFO  o.a.coyote.http11.Http11NioProtocol - Stopping ProtocolHandler ["http-nio-80"]
2024-08-29 17:26:06.252 [restartedMain] INFO  com.application.aop.Application - Starting Application using Java 17.0.11 with PID 16888 (C:\Users\15_web_kgh\git\16_spring_aop\16_spring_aop\bin\main started by 15_web_kgh in C:\Users\15_web_kgh\git\16_spring_aop\16_spring_aop)
2024-08-29 17:26:06.252 [restartedMain] INFO  com.application.aop.Application - No active profile set, falling back to 1 default profile: "default"
2024-08-29 17:26:06.412 [restartedMain] INFO  o.s.b.w.e.tomcat.TomcatWebServer - Tomcat initialized with port 80 (http)
2024-08-29 17:26:06.412 [restartedMain] INFO  o.a.c.core.AprLifecycleListener - An older version [1.2.35] of the Apache Tomcat Native library is installed, while Tomcat recommends a minimum version of [2.0.5]
2024-08-29 17:26:06.412 [restartedMain] INFO  o.a.c.core.AprLifecycleListener - Loaded Apache Tomcat Native library [1.2.35] using APR version [1.7.0].
2024-08-29 17:26:06.412 [restartedMain] INFO  o.a.c.core.AprLifecycleListener - OpenSSL successfully initialized [OpenSSL 1.1.1q  5 Jul 2022]
2024-08-29 17:26:06.413 [restartedMain] INFO  o.a.coyote.http11.Http11NioProtocol - Initializing ProtocolHandler ["http-nio-80"]
2024-08-29 17:26:06.413 [restartedMain] INFO  o.a.catalina.core.StandardService - Starting service [Tomcat]
2024-08-29 17:26:06.413 [restartedMain] INFO  o.a.catalina.core.StandardEngine - Starting Servlet engine: [Apache Tomcat/10.1.26]
2024-08-29 17:26:06.422 [restartedMain] INFO  o.a.c.c.C.[Tomcat].[localhost].[/] - Initializing Spring embedded WebApplicationContext
2024-08-29 17:26:06.423 [restartedMain] INFO  o.s.b.w.s.c.ServletWebServerApplicationContext - Root WebApplicationContext: initialization completed in 170 ms
2024-08-29 17:26:06.621 [restartedMain] INFO  o.s.b.d.a.OptionalLiveReloadServer - LiveReload server is running on port 35729
2024-08-29 17:26:06.626 [restartedMain] INFO  o.a.coyote.http11.Http11NioProtocol - Starting ProtocolHandler ["http-nio-80"]
2024-08-29 17:26:06.628 [restartedMain] INFO  o.s.b.w.e.tomcat.TomcatWebServer - Tomcat started on port 80 (http) with context path '/'
2024-08-29 17:26:06.631 [restartedMain] INFO  com.application.aop.Application - Started Application in 0.396 seconds (process running for 3758.93)
2024-08-29 17:26:06.632 [restartedMain] INFO  o.s.b.d.a.ConditionEvaluationDeltaLoggingListener - Condition evaluation unchanged
2024-08-29 17:26:41.554 [File Watcher] INFO  o.s.b.d.a.LocalDevToolsAutoConfiguration$RestartingClassPathChangeChangedEventListener - Restarting due to 1 class path change (1 addition, 0 deletions, 0 modifications)
2024-08-29 17:26:41.556 [Thread-71] INFO  o.a.coyote.http11.Http11NioProtocol - Stopping ProtocolHandler ["http-nio-80"]
2024-08-29 17:26:41.737 [restartedMain] INFO  com.application.aop.Application - Starting Application using Java 17.0.11 with PID 16888 (C:\Users\15_web_kgh\git\16_spring_aop\16_spring_aop\bin\main started by 15_web_kgh in C:\Users\15_web_kgh\git\16_spring_aop\16_spring_aop)
2024-08-29 17:26:41.737 [restartedMain] INFO  com.application.aop.Application - No active profile set, falling back to 1 default profile: "default"
2024-08-29 17:26:41.890 [restartedMain] INFO  o.s.b.w.e.tomcat.TomcatWebServer - Tomcat initialized with port 80 (http)
2024-08-29 17:26:41.890 [restartedMain] INFO  o.a.c.core.AprLifecycleListener - An older version [1.2.35] of the Apache Tomcat Native library is installed, while Tomcat recommends a minimum version of [2.0.5]
2024-08-29 17:26:41.890 [restartedMain] INFO  o.a.c.core.AprLifecycleListener - Loaded Apache Tomcat Native library [1.2.35] using APR version [1.7.0].
2024-08-29 17:26:41.890 [restartedMain] INFO  o.a.c.core.AprLifecycleListener - OpenSSL successfully initialized [OpenSSL 1.1.1q  5 Jul 2022]
2024-08-29 17:26:41.891 [restartedMain] INFO  o.a.coyote.http11.Http11NioProtocol - Initializing ProtocolHandler ["http-nio-80"]
2024-08-29 17:26:41.891 [restartedMain] INFO  o.a.catalina.core.StandardService - Starting service [Tomcat]
2024-08-29 17:26:41.891 [restartedMain] INFO  o.a.catalina.core.StandardEngine - Starting Servlet engine: [Apache Tomcat/10.1.26]
2024-08-29 17:26:41.900 [restartedMain] INFO  o.a.c.c.C.[Tomcat].[localhost].[/] - Initializing Spring embedded WebApplicationContext
2024-08-29 17:26:41.900 [restartedMain] INFO  o.s.b.w.s.c.ServletWebServerApplicationContext - Root WebApplicationContext: initialization completed in 162 ms
2024-08-29 17:26:42.087 [restartedMain] INFO  o.s.b.d.a.OptionalLiveReloadServer - LiveReload server is running on port 35729
2024-08-29 17:26:42.091 [restartedMain] INFO  o.a.coyote.http11.Http11NioProtocol - Starting ProtocolHandler ["http-nio-80"]
2024-08-29 17:26:42.094 [restartedMain] INFO  o.s.b.w.e.tomcat.TomcatWebServer - Tomcat started on port 80 (http) with context path '/'
2024-08-29 17:26:42.097 [restartedMain] INFO  com.application.aop.Application - Started Application in 0.377 seconds (process running for 3794.396)
2024-08-29 17:26:42.097 [restartedMain] INFO  o.s.b.d.a.ConditionEvaluationDeltaLoggingListener - Condition evaluation unchanged
2024-08-29 17:31:41.512 [File Watcher] INFO  o.s.b.d.a.LocalDevToolsAutoConfiguration$RestartingClassPathChangeChangedEventListener - Restarting due to 1 class path change (0 additions, 0 deletions, 1 modification)
2024-08-29 17:31:41.514 [Thread-75] INFO  o.a.coyote.http11.Http11NioProtocol - Stopping ProtocolHandler ["http-nio-80"]
2024-08-29 17:31:41.690 [restartedMain] INFO  com.application.aop.Application - Starting Application using Java 17.0.11 with PID 16888 (C:\Users\15_web_kgh\git\16_spring_aop\16_spring_aop\bin\main started by 15_web_kgh in C:\Users\15_web_kgh\git\16_spring_aop\16_spring_aop)
2024-08-29 17:31:41.690 [restartedMain] INFO  com.application.aop.Application - No active profile set, falling back to 1 default profile: "default"
2024-08-29 17:31:41.834 [restartedMain] INFO  o.s.b.w.e.tomcat.TomcatWebServer - Tomcat initialized with port 80 (http)
2024-08-29 17:31:41.834 [restartedMain] INFO  o.a.c.core.AprLifecycleListener - An older version [1.2.35] of the Apache Tomcat Native library is installed, while Tomcat recommends a minimum version of [2.0.5]
2024-08-29 17:31:41.834 [restartedMain] INFO  o.a.c.core.AprLifecycleListener - Loaded Apache Tomcat Native library [1.2.35] using APR version [1.7.0].
2024-08-29 17:31:41.834 [restartedMain] INFO  o.a.c.core.AprLifecycleListener - OpenSSL successfully initialized [OpenSSL 1.1.1q  5 Jul 2022]
2024-08-29 17:31:41.834 [restartedMain] INFO  o.a.coyote.http11.Http11NioProtocol - Initializing ProtocolHandler ["http-nio-80"]
2024-08-29 17:31:41.835 [restartedMain] INFO  o.a.catalina.core.StandardService - Starting service [Tomcat]
2024-08-29 17:31:41.835 [restartedMain] INFO  o.a.catalina.core.StandardEngine - Starting Servlet engine: [Apache Tomcat/10.1.26]
2024-08-29 17:31:41.846 [restartedMain] INFO  o.a.c.c.C.[Tomcat].[localhost].[/] - Initializing Spring embedded WebApplicationContext
2024-08-29 17:31:41.846 [restartedMain] INFO  o.s.b.w.s.c.ServletWebServerApplicationContext - Root WebApplicationContext: initialization completed in 155 ms
2024-08-29 17:31:42.025 [restartedMain] INFO  o.s.b.d.a.OptionalLiveReloadServer - LiveReload server is running on port 35729
2024-08-29 17:31:42.029 [restartedMain] INFO  o.a.coyote.http11.Http11NioProtocol - Starting ProtocolHandler ["http-nio-80"]
2024-08-29 17:31:42.031 [restartedMain] INFO  o.s.b.w.e.tomcat.TomcatWebServer - Tomcat started on port 80 (http) with context path '/'
2024-08-29 17:31:42.034 [restartedMain] INFO  com.application.aop.Application - Started Application in 0.359 seconds (process running for 4094.334)
2024-08-29 17:31:42.035 [restartedMain] INFO  o.s.b.d.a.ConditionEvaluationDeltaLoggingListener - Condition evaluation unchanged
2024-08-29 17:31:49.593 [File Watcher] INFO  o.s.b.d.a.LocalDevToolsAutoConfiguration$RestartingClassPathChangeChangedEventListener - Restarting due to 1 class path change (0 additions, 0 deletions, 1 modification)
2024-08-29 17:31:49.594 [Thread-79] INFO  o.a.coyote.http11.Http11NioProtocol - Stopping ProtocolHandler ["http-nio-80"]
2024-08-29 17:31:49.773 [restartedMain] INFO  com.application.aop.Application - Starting Application using Java 17.0.11 with PID 16888 (C:\Users\15_web_kgh\git\16_spring_aop\16_spring_aop\bin\main started by 15_web_kgh in C:\Users\15_web_kgh\git\16_spring_aop\16_spring_aop)
2024-08-29 17:31:49.773 [restartedMain] INFO  com.application.aop.Application - No active profile set, falling back to 1 default profile: "default"
2024-08-29 17:31:49.922 [restartedMain] INFO  o.s.b.w.e.tomcat.TomcatWebServer - Tomcat initialized with port 80 (http)
2024-08-29 17:31:49.922 [restartedMain] INFO  o.a.c.core.AprLifecycleListener - An older version [1.2.35] of the Apache Tomcat Native library is installed, while Tomcat recommends a minimum version of [2.0.5]
2024-08-29 17:31:49.922 [restartedMain] INFO  o.a.c.core.AprLifecycleListener - Loaded Apache Tomcat Native library [1.2.35] using APR version [1.7.0].
2024-08-29 17:31:49.922 [restartedMain] INFO  o.a.c.core.AprLifecycleListener - OpenSSL successfully initialized [OpenSSL 1.1.1q  5 Jul 2022]
2024-08-29 17:31:49.923 [restartedMain] INFO  o.a.coyote.http11.Http11NioProtocol - Initializing ProtocolHandler ["http-nio-80"]
2024-08-29 17:31:49.923 [restartedMain] INFO  o.a.catalina.core.StandardService - Starting service [Tomcat]
2024-08-29 17:31:49.923 [restartedMain] INFO  o.a.catalina.core.StandardEngine - Starting Servlet engine: [Apache Tomcat/10.1.26]
2024-08-29 17:31:49.934 [restartedMain] INFO  o.a.c.c.C.[Tomcat].[localhost].[/] - Initializing Spring embedded WebApplicationContext
2024-08-29 17:31:49.934 [restartedMain] INFO  o.s.b.w.s.c.ServletWebServerApplicationContext - Root WebApplicationContext: initialization completed in 160 ms
2024-08-29 17:31:50.115 [restartedMain] INFO  o.s.b.d.a.OptionalLiveReloadServer - LiveReload server is running on port 35729
2024-08-29 17:31:50.120 [restartedMain] INFO  o.a.coyote.http11.Http11NioProtocol - Starting ProtocolHandler ["http-nio-80"]
2024-08-29 17:31:50.122 [restartedMain] INFO  o.s.b.w.e.tomcat.TomcatWebServer - Tomcat started on port 80 (http) with context path '/'
2024-08-29 17:31:50.124 [restartedMain] INFO  com.application.aop.Application - Started Application in 0.367 seconds (process running for 4102.424)
2024-08-29 17:31:50.125 [restartedMain] INFO  o.s.b.d.a.ConditionEvaluationDeltaLoggingListener - Condition evaluation unchanged
2024-08-29 17:32:45.041 [http-nio-80-exec-1] INFO  o.a.c.c.C.[Tomcat].[localhost].[/] - Initializing Spring DispatcherServlet 'dispatcherServlet'
2024-08-29 17:32:45.041 [http-nio-80-exec-1] INFO  o.s.web.servlet.DispatcherServlet - Initializing Servlet 'dispatcherServlet'
2024-08-29 17:32:45.042 [http-nio-80-exec-1] INFO  o.s.web.servlet.DispatcherServlet - Completed initialization in 1 ms
2024-08-29 17:32:56.982 [http-nio-80-exec-3] ERROR o.a.c.c.C.[.[.[.[dispatcherServlet] - Servlet.service() for servlet [dispatcherServlet] in context with path [] threw exception [Request processing failed: java.lang.NullPointerException: Cannot invoke "Object.toString()" because the return value of "jakarta.servlet.http.HttpSession.getAttribute(String)" is null] with root cause
java.lang.NullPointerException: Cannot invoke "Object.toString()" because the return value of "jakarta.servlet.http.HttpSession.getAttribute(String)" is null
	at com.application.aop.chapter03_interceptor.auth.AuthInterceptorAdmin.preHandle(AuthInterceptorAdmin.java:18)
	at org.springframework.web.servlet.HandlerExecutionChain.applyPreHandle(HandlerExecutionChain.java:146)
	at org.springframework.web.servlet.DispatcherServlet.doDispatch(DispatcherServlet.java:1084)
	at org.springframework.web.servlet.DispatcherServlet.doService(DispatcherServlet.java:979)
	at org.springframework.web.servlet.FrameworkServlet.processRequest(FrameworkServlet.java:1014)
	at org.springframework.web.servlet.FrameworkServlet.doGet(FrameworkServlet.java:903)
	at jakarta.servlet.http.HttpServlet.service(HttpServlet.java:564)
	at org.springframework.web.servlet.FrameworkServlet.service(FrameworkServlet.java:885)
	at jakarta.servlet.http.HttpServlet.service(HttpServlet.java:658)
	at org.apache.catalina.core.ApplicationFilterChain.internalDoFilter(ApplicationFilterChain.java:195)
	at org.apache.catalina.core.ApplicationFilterChain.doFilter(ApplicationFilterChain.java:140)
	at org.apache.tomcat.websocket.server.WsFilter.doFilter(WsFilter.java:51)
	at org.apache.catalina.core.ApplicationFilterChain.internalDoFilter(ApplicationFilterChain.java:164)
	at org.apache.catalina.core.ApplicationFilterChain.doFilter(ApplicationFilterChain.java:140)
	at org.springframework.web.filter.RequestContextFilter.doFilterInternal(RequestContextFilter.java:100)
	at org.springframework.web.filter.OncePerRequestFilter.doFilter(OncePerRequestFilter.java:116)
	at org.apache.catalina.core.ApplicationFilterChain.internalDoFilter(ApplicationFilterChain.java:164)
	at org.apache.catalina.core.ApplicationFilterChain.doFilter(ApplicationFilterChain.java:140)
	at org.springframework.web.filter.FormContentFilter.doFilterInternal(FormContentFilter.java:93)
	at org.springframework.web.filter.OncePerRequestFilter.doFilter(OncePerRequestFilter.java:116)
	at org.apache.catalina.core.ApplicationFilterChain.internalDoFilter(ApplicationFilterChain.java:164)
	at org.apache.catalina.core.ApplicationFilterChain.doFilter(ApplicationFilterChain.java:140)
	at org.springframework.web.filter.CharacterEncodingFilter.doFilterInternal(CharacterEncodingFilter.java:201)
	at org.springframework.web.filter.OncePerRequestFilter.doFilter(OncePerRequestFilter.java:116)
	at org.apache.catalina.core.ApplicationFilterChain.internalDoFilter(ApplicationFilterChain.java:164)
	at org.apache.catalina.core.ApplicationFilterChain.doFilter(ApplicationFilterChain.java:140)
	at org.apache.catalina.core.StandardWrapperValve.invoke(StandardWrapperValve.java:167)
	at org.apache.catalina.core.StandardContextValve.invoke(StandardContextValve.java:90)
	at org.apache.catalina.authenticator.AuthenticatorBase.invoke(AuthenticatorBase.java:483)
	at org.apache.catalina.core.StandardHostValve.invoke(StandardHostValve.java:115)
	at org.apache.catalina.valves.ErrorReportValve.invoke(ErrorReportValve.java:93)
	at org.apache.catalina.core.StandardEngineValve.invoke(StandardEngineValve.java:74)
	at org.apache.catalina.connector.CoyoteAdapter.service(CoyoteAdapter.java:344)
	at org.apache.coyote.http11.Http11Processor.service(Http11Processor.java:389)
	at org.apache.coyote.AbstractProcessorLight.process(AbstractProcessorLight.java:63)
	at org.apache.coyote.AbstractProtocol$ConnectionHandler.process(AbstractProtocol.java:904)
	at org.apache.tomcat.util.net.NioEndpoint$SocketProcessor.doRun(NioEndpoint.java:1741)
	at org.apache.tomcat.util.net.SocketProcessorBase.run(SocketProcessorBase.java:52)
	at org.apache.tomcat.util.threads.ThreadPoolExecutor.runWorker(ThreadPoolExecutor.java:1190)
	at org.apache.tomcat.util.threads.ThreadPoolExecutor$Worker.run(ThreadPoolExecutor.java:659)
	at org.apache.tomcat.util.threads.TaskThread$WrappingRunnable.run(TaskThread.java:63)
	at java.base/java.lang.Thread.run(Thread.java:840)
2024-08-29 17:35:29.503 [File Watcher] INFO  o.s.b.d.a.LocalDevToolsAutoConfiguration$RestartingClassPathChangeChangedEventListener - Restarting due to 1 class path change (0 additions, 0 deletions, 1 modification)
2024-08-29 17:35:29.504 [Thread-83] INFO  o.a.coyote.http11.Http11NioProtocol - Stopping ProtocolHandler ["http-nio-80"]
2024-08-29 17:35:29.687 [restartedMain] INFO  com.application.aop.Application - Starting Application using Java 17.0.11 with PID 16888 (C:\Users\15_web_kgh\git\16_spring_aop\16_spring_aop\bin\main started by 15_web_kgh in C:\Users\15_web_kgh\git\16_spring_aop\16_spring_aop)
2024-08-29 17:35:29.688 [restartedMain] INFO  com.application.aop.Application - No active profile set, falling back to 1 default profile: "default"
2024-08-29 17:35:29.836 [restartedMain] INFO  o.s.b.w.e.tomcat.TomcatWebServer - Tomcat initialized with port 80 (http)
2024-08-29 17:35:29.836 [restartedMain] INFO  o.a.c.core.AprLifecycleListener - An older version [1.2.35] of the Apache Tomcat Native library is installed, while Tomcat recommends a minimum version of [2.0.5]
2024-08-29 17:35:29.836 [restartedMain] INFO  o.a.c.core.AprLifecycleListener - Loaded Apache Tomcat Native library [1.2.35] using APR version [1.7.0].
2024-08-29 17:35:29.837 [restartedMain] INFO  o.a.c.core.AprLifecycleListener - OpenSSL successfully initialized [OpenSSL 1.1.1q  5 Jul 2022]
2024-08-29 17:35:29.837 [restartedMain] INFO  o.a.coyote.http11.Http11NioProtocol - Initializing ProtocolHandler ["http-nio-80"]
2024-08-29 17:35:29.837 [restartedMain] INFO  o.a.catalina.core.StandardService - Starting service [Tomcat]
2024-08-29 17:35:29.837 [restartedMain] INFO  o.a.catalina.core.StandardEngine - Starting Servlet engine: [Apache Tomcat/10.1.26]
2024-08-29 17:35:29.846 [restartedMain] INFO  o.a.c.c.C.[Tomcat].[localhost].[/] - Initializing Spring embedded WebApplicationContext
2024-08-29 17:35:29.846 [restartedMain] INFO  o.s.b.w.s.c.ServletWebServerApplicationContext - Root WebApplicationContext: initialization completed in 157 ms
2024-08-29 17:35:30.037 [restartedMain] INFO  o.s.b.d.a.OptionalLiveReloadServer - LiveReload server is running on port 35729
2024-08-29 17:35:30.041 [restartedMain] INFO  o.a.coyote.http11.Http11NioProtocol - Starting ProtocolHandler ["http-nio-80"]
2024-08-29 17:35:30.044 [restartedMain] INFO  o.s.b.w.e.tomcat.TomcatWebServer - Tomcat started on port 80 (http) with context path '/'
2024-08-29 17:35:30.046 [restartedMain] INFO  com.application.aop.Application - Started Application in 0.375 seconds (process running for 4322.345)
2024-08-29 17:35:30.047 [restartedMain] INFO  o.s.b.d.a.ConditionEvaluationDeltaLoggingListener - Condition evaluation unchanged
2024-08-29 17:35:32.799 [http-nio-80-exec-3] INFO  o.a.c.c.C.[Tomcat].[localhost].[/] - Initializing Spring DispatcherServlet 'dispatcherServlet'
2024-08-29 17:35:32.799 [http-nio-80-exec-3] INFO  o.s.web.servlet.DispatcherServlet - Initializing Servlet 'dispatcherServlet'
2024-08-29 17:35:32.800 [http-nio-80-exec-3] INFO  o.s.web.servlet.DispatcherServlet - Completed initialization in 1 ms
2024-08-29 17:36:06.293 [File Watcher] INFO  o.s.b.d.a.LocalDevToolsAutoConfiguration$RestartingClassPathChangeChangedEventListener - Restarting due to 1 class path change (0 additions, 0 deletions, 1 modification)
2024-08-29 17:36:06.295 [Thread-87] INFO  o.a.coyote.http11.Http11NioProtocol - Stopping ProtocolHandler ["http-nio-80"]
2024-08-29 17:36:06.479 [restartedMain] INFO  com.application.aop.Application - Starting Application using Java 17.0.11 with PID 16888 (C:\Users\15_web_kgh\git\16_spring_aop\16_spring_aop\bin\main started by 15_web_kgh in C:\Users\15_web_kgh\git\16_spring_aop\16_spring_aop)
2024-08-29 17:36:06.479 [restartedMain] INFO  com.application.aop.Application - No active profile set, falling back to 1 default profile: "default"
2024-08-29 17:36:06.629 [restartedMain] INFO  o.s.b.w.e.tomcat.TomcatWebServer - Tomcat initialized with port 80 (http)
2024-08-29 17:36:06.630 [restartedMain] INFO  o.a.c.core.AprLifecycleListener - An older version [1.2.35] of the Apache Tomcat Native library is installed, while Tomcat recommends a minimum version of [2.0.5]
2024-08-29 17:36:06.630 [restartedMain] INFO  o.a.c.core.AprLifecycleListener - Loaded Apache Tomcat Native library [1.2.35] using APR version [1.7.0].
2024-08-29 17:36:06.630 [restartedMain] INFO  o.a.c.core.AprLifecycleListener - OpenSSL successfully initialized [OpenSSL 1.1.1q  5 Jul 2022]
2024-08-29 17:36:06.630 [restartedMain] INFO  o.a.coyote.http11.Http11NioProtocol - Initializing ProtocolHandler ["http-nio-80"]
2024-08-29 17:36:06.630 [restartedMain] INFO  o.a.catalina.core.StandardService - Starting service [Tomcat]
2024-08-29 17:36:06.630 [restartedMain] INFO  o.a.catalina.core.StandardEngine - Starting Servlet engine: [Apache Tomcat/10.1.26]
2024-08-29 17:36:06.640 [restartedMain] INFO  o.a.c.c.C.[Tomcat].[localhost].[/] - Initializing Spring embedded WebApplicationContext
2024-08-29 17:36:06.640 [restartedMain] INFO  o.s.b.w.s.c.ServletWebServerApplicationContext - Root WebApplicationContext: initialization completed in 160 ms
2024-08-29 17:36:06.830 [restartedMain] INFO  o.s.b.d.a.OptionalLiveReloadServer - LiveReload server is running on port 35729
2024-08-29 17:36:06.834 [restartedMain] INFO  o.a.coyote.http11.Http11NioProtocol - Starting ProtocolHandler ["http-nio-80"]
2024-08-29 17:36:06.837 [restartedMain] INFO  o.s.b.w.e.tomcat.TomcatWebServer - Tomcat started on port 80 (http) with context path '/'
2024-08-29 17:36:06.839 [restartedMain] INFO  com.application.aop.Application - Started Application in 0.377 seconds (process running for 4359.139)
2024-08-29 17:36:06.840 [restartedMain] INFO  o.s.b.d.a.ConditionEvaluationDeltaLoggingListener - Condition evaluation unchanged
2024-08-29 17:36:15.257 [http-nio-80-exec-1] INFO  o.a.c.c.C.[Tomcat].[localhost].[/] - Initializing Spring DispatcherServlet 'dispatcherServlet'
2024-08-29 17:36:15.257 [http-nio-80-exec-1] INFO  o.s.web.servlet.DispatcherServlet - Initializing Servlet 'dispatcherServlet'
2024-08-29 17:36:15.258 [http-nio-80-exec-1] INFO  o.s.web.servlet.DispatcherServlet - Completed initialization in 1 ms
2024-08-29 17:38:55.702 [File Watcher] INFO  o.s.b.d.a.LocalDevToolsAutoConfiguration$RestartingClassPathChangeChangedEventListener - Restarting due to 1 class path change (0 additions, 0 deletions, 1 modification)
2024-08-29 17:38:55.703 [Thread-91] INFO  o.a.coyote.http11.Http11NioProtocol - Stopping ProtocolHandler ["http-nio-80"]
2024-08-29 17:38:55.881 [restartedMain] INFO  com.application.aop.Application - Starting Application using Java 17.0.11 with PID 16888 (C:\Users\15_web_kgh\git\16_spring_aop\16_spring_aop\bin\main started by 15_web_kgh in C:\Users\15_web_kgh\git\16_spring_aop\16_spring_aop)
2024-08-29 17:38:55.881 [restartedMain] INFO  com.application.aop.Application - No active profile set, falling back to 1 default profile: "default"
2024-08-29 17:38:56.028 [restartedMain] INFO  o.s.b.w.e.tomcat.TomcatWebServer - Tomcat initialized with port 80 (http)
2024-08-29 17:38:56.028 [restartedMain] INFO  o.a.c.core.AprLifecycleListener - An older version [1.2.35] of the Apache Tomcat Native library is installed, while Tomcat recommends a minimum version of [2.0.5]
2024-08-29 17:38:56.028 [restartedMain] INFO  o.a.c.core.AprLifecycleListener - Loaded Apache Tomcat Native library [1.2.35] using APR version [1.7.0].
2024-08-29 17:38:56.028 [restartedMain] INFO  o.a.c.core.AprLifecycleListener - OpenSSL successfully initialized [OpenSSL 1.1.1q  5 Jul 2022]
2024-08-29 17:38:56.028 [restartedMain] INFO  o.a.coyote.http11.Http11NioProtocol - Initializing ProtocolHandler ["http-nio-80"]
2024-08-29 17:38:56.029 [restartedMain] INFO  o.a.catalina.core.StandardService - Starting service [Tomcat]
2024-08-29 17:38:56.029 [restartedMain] INFO  o.a.catalina.core.StandardEngine - Starting Servlet engine: [Apache Tomcat/10.1.26]
2024-08-29 17:38:56.041 [restartedMain] INFO  o.a.c.c.C.[Tomcat].[localhost].[/] - Initializing Spring embedded WebApplicationContext
2024-08-29 17:38:56.041 [restartedMain] INFO  o.s.b.w.s.c.ServletWebServerApplicationContext - Root WebApplicationContext: initialization completed in 158 ms
2024-08-29 17:38:56.229 [restartedMain] INFO  o.s.b.d.a.OptionalLiveReloadServer - LiveReload server is running on port 35729
2024-08-29 17:38:56.234 [restartedMain] INFO  o.a.coyote.http11.Http11NioProtocol - Starting ProtocolHandler ["http-nio-80"]
2024-08-29 17:38:56.236 [restartedMain] INFO  o.s.b.w.e.tomcat.TomcatWebServer - Tomcat started on port 80 (http) with context path '/'
2024-08-29 17:38:56.239 [restartedMain] INFO  com.application.aop.Application - Started Application in 0.373 seconds (process running for 4528.538)
2024-08-29 17:38:56.240 [restartedMain] INFO  o.s.b.d.a.ConditionEvaluationDeltaLoggingListener - Condition evaluation unchanged
2024-08-29 17:42:12.666 [File Watcher] INFO  o.s.b.d.a.LocalDevToolsAutoConfiguration$RestartingClassPathChangeChangedEventListener - Restarting due to 1 class path change (0 additions, 0 deletions, 1 modification)
2024-08-29 17:42:12.668 [Thread-95] INFO  o.a.coyote.http11.Http11NioProtocol - Stopping ProtocolHandler ["http-nio-80"]
2024-08-29 17:42:12.855 [restartedMain] INFO  com.application.aop.Application - Starting Application using Java 17.0.11 with PID 16888 (C:\Users\15_web_kgh\git\16_spring_aop\16_spring_aop\bin\main started by 15_web_kgh in C:\Users\15_web_kgh\git\16_spring_aop\16_spring_aop)
2024-08-29 17:42:12.855 [restartedMain] INFO  com.application.aop.Application - No active profile set, falling back to 1 default profile: "default"
2024-08-29 17:42:13.018 [restartedMain] INFO  o.s.b.w.e.tomcat.TomcatWebServer - Tomcat initialized with port 80 (http)
2024-08-29 17:42:13.019 [restartedMain] INFO  o.a.c.core.AprLifecycleListener - An older version [1.2.35] of the Apache Tomcat Native library is installed, while Tomcat recommends a minimum version of [2.0.5]
2024-08-29 17:42:13.019 [restartedMain] INFO  o.a.c.core.AprLifecycleListener - Loaded Apache Tomcat Native library [1.2.35] using APR version [1.7.0].
2024-08-29 17:42:13.019 [restartedMain] INFO  o.a.c.core.AprLifecycleListener - OpenSSL successfully initialized [OpenSSL 1.1.1q  5 Jul 2022]
2024-08-29 17:42:13.019 [restartedMain] INFO  o.a.coyote.http11.Http11NioProtocol - Initializing ProtocolHandler ["http-nio-80"]
2024-08-29 17:42:13.019 [restartedMain] INFO  o.a.catalina.core.StandardService - Starting service [Tomcat]
2024-08-29 17:42:13.019 [restartedMain] INFO  o.a.catalina.core.StandardEngine - Starting Servlet engine: [Apache Tomcat/10.1.26]
2024-08-29 17:42:13.029 [restartedMain] INFO  o.a.c.c.C.[Tomcat].[localhost].[/] - Initializing Spring embedded WebApplicationContext
2024-08-29 17:42:13.029 [restartedMain] INFO  o.s.b.w.s.c.ServletWebServerApplicationContext - Root WebApplicationContext: initialization completed in 172 ms
2024-08-29 17:42:13.228 [restartedMain] INFO  o.s.b.d.a.OptionalLiveReloadServer - LiveReload server is running on port 35729
2024-08-29 17:42:13.233 [restartedMain] INFO  o.a.coyote.http11.Http11NioProtocol - Starting ProtocolHandler ["http-nio-80"]
2024-08-29 17:42:13.236 [restartedMain] INFO  o.s.b.w.e.tomcat.TomcatWebServer - Tomcat started on port 80 (http) with context path '/'
2024-08-29 17:42:13.239 [restartedMain] INFO  com.application.aop.Application - Started Application in 0.403 seconds (process running for 4725.538)
2024-08-29 17:42:13.239 [restartedMain] INFO  o.s.b.d.a.ConditionEvaluationDeltaLoggingListener - Condition evaluation unchanged
2024-08-29 17:42:22.799 [RMI TCP Connection(82)-127.0.0.1] INFO  o.s.b.a.SpringApplicationAdminMXBeanRegistrar$SpringApplicationAdmin - Application shutdown requested.
2024-08-29 17:42:22.799 [RMI TCP Connection(82)-127.0.0.1] INFO  o.a.coyote.http11.Http11NioProtocol - Stopping ProtocolHandler ["http-nio-80"]
